<?xml version="1.0" encoding="UTF-8"?>
<testsuite name="fi.vm.sade.organisaatio.resource.OrganisaatioResourceTest" tests="10" skipped="0" failures="0" errors="0" timestamp="2020-06-10T15:12:08" hostname="Miikkas-MacBook-Pro.local" time="1.047">
  <properties/>
  <testcase name="testParentOids" classname="fi.vm.sade.organisaatio.resource.OrganisaatioResourceTest" time="0.014"/>
  <testcase name="testSearchHierarchyReturnsToimipistekoodi" classname="fi.vm.sade.organisaatio.resource.OrganisaatioResourceTest" time="0.066"/>
  <testcase name="testFetchingHakutoimistoForMissingOrganisation" classname="fi.vm.sade.organisaatio.resource.OrganisaatioResourceTest" time="0.071"/>
  <testcase name="testFetchingHakutoimisto" classname="fi.vm.sade.organisaatio.resource.OrganisaatioResourceTest" time="0.031"/>
  <testcase name="testFetchingMissingHakutoimisto" classname="fi.vm.sade.organisaatio.resource.OrganisaatioResourceTest" time="0.019"/>
  <testcase name="testSearchOrganisaatios" classname="fi.vm.sade.organisaatio.resource.OrganisaatioResourceTest" time="0.097"/>
  <testcase name="testChangeParentOid" classname="fi.vm.sade.organisaatio.resource.OrganisaatioResourceTest" time="0.718"/>
  <testcase name="testParentOidsWithRoot" classname="fi.vm.sade.organisaatio.resource.OrganisaatioResourceTest" time="0.008"/>
  <testcase name="testMixedOsoitetyyppi" classname="fi.vm.sade.organisaatio.resource.OrganisaatioResourceTest" time="0.011"/>
  <testcase name="testParentOidsWithoutOrg" classname="fi.vm.sade.organisaatio.resource.OrganisaatioResourceTest" time="0.009"/>
  <system-out><![CDATA[Hibernate: 
    select
        organisaat0_.id as id1_5_,
        organisaat0_.version as version2_5_,
        organisaat0_.alkupvm as alkupvm3_5_,
        organisaat0_.domainnimi as domainni4_5_,
        organisaat0_.kotipaikka as kotipaik5_5_,
        organisaat0_.kuvaus_mkt as kuvaus_28_5_,
        organisaat0_.lakkautuspvm as lakkautu6_5_,
        organisaat0_.maa as maa7_5_,
        organisaat0_.metadata_id as metadat29_5_,
        organisaat0_.nimi_mkt as nimi_mk30_5_,
        organisaat0_.nimihaku as nimihaku8_5_,
        organisaat0_.oid as oid9_5_,
        organisaat0_.opetuspisteenjarjnro as opetusp10_5_,
        organisaat0_.oppilaitoskoodi as oppilai11_5_,
        organisaat0_.oppilaitos_tyyppi as oppilai12_5_,
        organisaat0_.organisaatio_poistettu as organis13_5_,
        organisaat0_.paivittaja as paivitt14_5_,
        organisaat0_.paivityspvm as paivity15_5_,
        organisaat0_.parentidpath as parenti16_5_,
        organisaat0_.parentoidpath as parento17_5_,
        organisaat0_.piilotettu as piilote18_5_,
        organisaat0_.tarkastus_pvm as tarkast19_5_,
        organisaat0_.toimipistekoodi as toimipi20_5_,
        organisaat0_.tuontipvm as tuontip21_5_,
        organisaat0_.varhaiskasvatuksen_toimipaikka_tiedot_id as varhais31_5_,
        organisaat0_.virastotunnus as virasto22_5_,
        organisaat0_.yhteishaunkoulukoodi as yhteish23_5_,
        organisaat0_.yritysmuoto as yritysm24_5_,
        organisaat0_.ytj_kieli as ytj_kie25_5_,
        organisaat0_.ytjpaivityspvm as ytjpaiv26_5_,
        organisaat0_.ytunnus as ytunnus27_5_ 
    from
        organisaatio organisaat0_ 
    where
        organisaat0_.oid=?
2020-06-10 18:12:08.464 TRACE 55751 --- [    Test worker] o.h.type.descriptor.sql.BasicBinder      : binding parameter [1] as [VARCHAR] - [1.2.2005.4]
2020-06-10 18:12:08.464 TRACE 55751 --- [    Test worker] o.h.type.descriptor.sql.BasicExtractor   : extracted value ([id1_5_] : [BIGINT]) - [6]
2020-06-10 18:12:08.464 TRACE 55751 --- [    Test worker] o.h.type.descriptor.sql.BasicExtractor   : extracted value ([version2_5_] : [BIGINT]) - [2]
2020-06-10 18:12:08.464 TRACE 55751 --- [    Test worker] o.h.type.descriptor.sql.BasicExtractor   : extracted value ([alkupvm3_5_] : [DATE]) - [2010-08-29]
2020-06-10 18:12:08.464 TRACE 55751 --- [    Test worker] o.h.type.descriptor.sql.BasicExtractor   : extracted value ([domainni4_5_] : [VARCHAR]) - [null]
2020-06-10 18:12:08.464 TRACE 55751 --- [    Test worker] o.h.type.descriptor.sql.BasicExtractor   : extracted value ([kotipaik5_5_] : [VARCHAR]) - [Helsinki]
2020-06-10 18:12:08.464 TRACE 55751 --- [    Test worker] o.h.type.descriptor.sql.BasicExtractor   : extracted value ([kuvaus_28_5_] : [BIGINT]) - [null]
2020-06-10 18:12:08.464 TRACE 55751 --- [    Test worker] o.h.type.descriptor.sql.BasicExtractor   : extracted value ([lakkautu6_5_] : [DATE]) - [null]
2020-06-10 18:12:08.464 TRACE 55751 --- [    Test worker] o.h.type.descriptor.sql.BasicExtractor   : extracted value ([maa7_5_] : [VARCHAR]) - [null]
2020-06-10 18:12:08.464 TRACE 55751 --- [    Test worker] o.h.type.descriptor.sql.BasicExtractor   : extracted value ([metadat29_5_] : [BIGINT]) - [null]
2020-06-10 18:12:08.464 TRACE 55751 --- [    Test worker] o.h.type.descriptor.sql.BasicExtractor   : extracted value ([nimi_mk30_5_] : [BIGINT]) - [6]
2020-06-10 18:12:08.464 TRACE 55751 --- [    Test worker] o.h.type.descriptor.sql.BasicExtractor   : extracted value ([nimihaku8_5_] : [VARCHAR]) - [node23 foo bar]
2020-06-10 18:12:08.464 TRACE 55751 --- [    Test worker] o.h.type.descriptor.sql.BasicExtractor   : extracted value ([oid9_5_] : [VARCHAR]) - [1.2.2005.4]
2020-06-10 18:12:08.464 TRACE 55751 --- [    Test worker] o.h.type.descriptor.sql.BasicExtractor   : extracted value ([opetusp10_5_] : [VARCHAR]) - [null]
2020-06-10 18:12:08.464 TRACE 55751 --- [    Test worker] o.h.type.descriptor.sql.BasicExtractor   : extracted value ([oppilai11_5_] : [VARCHAR]) - [null]
2020-06-10 18:12:08.464 TRACE 55751 --- [    Test worker] o.h.type.descriptor.sql.BasicExtractor   : extracted value ([oppilai12_5_] : [VARCHAR]) - [oppilaitostyyppi_42#1]
2020-06-10 18:12:08.464 TRACE 55751 --- [    Test worker] o.h.type.descriptor.sql.BasicExtractor   : extracted value ([organis13_5_] : [BOOLEAN]) - [false]
2020-06-10 18:12:08.464 TRACE 55751 --- [    Test worker] o.h.type.descriptor.sql.BasicExtractor   : extracted value ([paivitt14_5_] : [VARCHAR]) - [null]
2020-06-10 18:12:08.464 TRACE 55751 --- [    Test worker] o.h.type.descriptor.sql.BasicExtractor   : extracted value ([paivity15_5_] : [TIMESTAMP]) - [null]
2020-06-10 18:12:08.464 TRACE 55751 --- [    Test worker] o.h.type.descriptor.sql.BasicExtractor   : extracted value ([parenti16_5_] : [VARCHAR]) - [|1|2|4|]
2020-06-10 18:12:08.464 TRACE 55751 --- [    Test worker] o.h.type.descriptor.sql.BasicExtractor   : extracted value ([parento17_5_] : [VARCHAR]) - [|1.2.246.562.24.00000000001|1.2.2004.1|1.2.2004.3|]
2020-06-10 18:12:08.464 TRACE 55751 --- [    Test worker] o.h.type.descriptor.sql.BasicExtractor   : extracted value ([piilote18_5_] : [BOOLEAN]) - [false]
2020-06-10 18:12:08.464 TRACE 55751 --- [    Test worker] o.h.type.descriptor.sql.BasicExtractor   : extracted value ([tarkast19_5_] : [TIMESTAMP]) - [null]
2020-06-10 18:12:08.464 TRACE 55751 --- [    Test worker] o.h.type.descriptor.sql.BasicExtractor   : extracted value ([toimipi20_5_] : [VARCHAR]) - [null]
2020-06-10 18:12:08.464 TRACE 55751 --- [    Test worker] o.h.type.descriptor.sql.BasicExtractor   : extracted value ([tuontip21_5_] : [TIMESTAMP]) - [null]
2020-06-10 18:12:08.464 TRACE 55751 --- [    Test worker] o.h.type.descriptor.sql.BasicExtractor   : extracted value ([varhais31_5_] : [BIGINT]) - [null]
2020-06-10 18:12:08.464 TRACE 55751 --- [    Test worker] o.h.type.descriptor.sql.BasicExtractor   : extracted value ([virasto22_5_] : [VARCHAR]) - [null]
2020-06-10 18:12:08.464 TRACE 55751 --- [    Test worker] o.h.type.descriptor.sql.BasicExtractor   : extracted value ([yhteish23_5_] : [VARCHAR]) - [null]
2020-06-10 18:12:08.464 TRACE 55751 --- [    Test worker] o.h.type.descriptor.sql.BasicExtractor   : extracted value ([yritysm24_5_] : [VARCHAR]) - [oy]
2020-06-10 18:12:08.464 TRACE 55751 --- [    Test worker] o.h.type.descriptor.sql.BasicExtractor   : extracted value ([ytj_kie25_5_] : [VARCHAR]) - [null]
2020-06-10 18:12:08.464 TRACE 55751 --- [    Test worker] o.h.type.descriptor.sql.BasicExtractor   : extracted value ([ytjpaiv26_5_] : [DATE]) - [null]
2020-06-10 18:12:08.464 TRACE 55751 --- [    Test worker] o.h.type.descriptor.sql.BasicExtractor   : extracted value ([ytunnus27_5_] : [VARCHAR]) - [1234568-4]
2020-06-10 18:12:08.464 TRACE 55751 --- [    Test worker] org.hibernate.type.CollectionType        : Created collection wrapper: [fi.vm.sade.organisaatio.model.Organisaatio.childSuhteet#6]
2020-06-10 18:12:08.465 TRACE 55751 --- [    Test worker] org.hibernate.type.CollectionType        : Created collection wrapper: [fi.vm.sade.organisaatio.model.Organisaatio.kayttoryhmat#6]
2020-06-10 18:12:08.465 TRACE 55751 --- [    Test worker] org.hibernate.type.CollectionType        : Created collection wrapper: [fi.vm.sade.organisaatio.model.Organisaatio.kielet#6]
2020-06-10 18:12:08.465 TRACE 55751 --- [    Test worker] org.hibernate.type.CollectionType        : Created collection wrapper: [fi.vm.sade.organisaatio.model.Organisaatio.muutKotipaikatUris#6]
2020-06-10 18:12:08.465 TRACE 55751 --- [    Test worker] org.hibernate.type.CollectionType        : Created collection wrapper: [fi.vm.sade.organisaatio.model.Organisaatio.muutOppilaitosTyyppiUris#6]
2020-06-10 18:12:08.465 TRACE 55751 --- [    Test worker] org.hibernate.type.CollectionType        : Created collection wrapper: [fi.vm.sade.organisaatio.model.Organisaatio.nimet#6]
2020-06-10 18:12:08.465 TRACE 55751 --- [    Test worker] org.hibernate.type.CollectionType        : Created collection wrapper: [fi.vm.sade.organisaatio.model.Organisaatio.organisaatioLisatietotyypit#6]
2020-06-10 18:12:08.465 TRACE 55751 --- [    Test worker] org.hibernate.type.CollectionType        : Created collection wrapper: [fi.vm.sade.organisaatio.model.Organisaatio.parentSuhteet#6]
2020-06-10 18:12:08.465 TRACE 55751 --- [    Test worker] org.hibernate.type.CollectionType        : Created collection wrapper: [fi.vm.sade.organisaatio.model.Organisaatio.ryhmatyypit#6]
2020-06-10 18:12:08.465 TRACE 55751 --- [    Test worker] org.hibernate.type.CollectionType        : Created collection wrapper: [fi.vm.sade.organisaatio.model.Organisaatio.tyypit#6]
2020-06-10 18:12:08.465 TRACE 55751 --- [    Test worker] org.hibernate.type.CollectionType        : Created collection wrapper: [fi.vm.sade.organisaatio.model.Organisaatio.vuosiluokat#6]
2020-06-10 18:12:08.465 TRACE 55751 --- [    Test worker] org.hibernate.type.CollectionType        : Created collection wrapper: [fi.vm.sade.organisaatio.model.Organisaatio.yhteystiedot#6]
2020-06-10 18:12:08.465 TRACE 55751 --- [    Test worker] org.hibernate.type.CollectionType        : Created collection wrapper: [fi.vm.sade.organisaatio.model.Organisaatio.yhteystietoArvos#6]
Hibernate: 
    select
        organisaat0_.id as id1_5_,
        organisaat0_.version as version2_5_,
        organisaat0_.alkupvm as alkupvm3_5_,
        organisaat0_.domainnimi as domainni4_5_,
        organisaat0_.kotipaikka as kotipaik5_5_,
        organisaat0_.kuvaus_mkt as kuvaus_28_5_,
        organisaat0_.lakkautuspvm as lakkautu6_5_,
        organisaat0_.maa as maa7_5_,
        organisaat0_.metadata_id as metadat29_5_,
        organisaat0_.nimi_mkt as nimi_mk30_5_,
        organisaat0_.nimihaku as nimihaku8_5_,
        organisaat0_.oid as oid9_5_,
        organisaat0_.opetuspisteenjarjnro as opetusp10_5_,
        organisaat0_.oppilaitoskoodi as oppilai11_5_,
        organisaat0_.oppilaitos_tyyppi as oppilai12_5_,
        organisaat0_.organisaatio_poistettu as organis13_5_,
        organisaat0_.paivittaja as paivitt14_5_,
        organisaat0_.paivityspvm as paivity15_5_,
        organisaat0_.parentidpath as parenti16_5_,
        organisaat0_.parentoidpath as parento17_5_,
        organisaat0_.piilotettu as piilote18_5_,
        organisaat0_.tarkastus_pvm as tarkast19_5_,
        organisaat0_.toimipistekoodi as toimipi20_5_,
        organisaat0_.tuontipvm as tuontip21_5_,
        organisaat0_.varhaiskasvatuksen_toimipaikka_tiedot_id as varhais31_5_,
        organisaat0_.virastotunnus as virasto22_5_,
        organisaat0_.yhteishaunkoulukoodi as yhteish23_5_,
        organisaat0_.yritysmuoto as yritysm24_5_,
        organisaat0_.ytj_kieli as ytj_kie25_5_,
        organisaat0_.ytjpaivityspvm as ytjpaiv26_5_,
        organisaat0_.ytunnus as ytunnus27_5_ 
    from
        organisaatio organisaat0_ 
    where
        organisaat0_.oid=?
2020-06-10 18:12:08.466 TRACE 55751 --- [    Test worker] o.h.type.descriptor.sql.BasicBinder      : binding parameter [1] as [VARCHAR] - [1.2.2005.4]
2020-06-10 18:12:08.466 TRACE 55751 --- [    Test worker] o.h.type.descriptor.sql.BasicExtractor   : extracted value ([id1_5_] : [BIGINT]) - [6]
Hibernate: 
    select
        organisaat0_.oid as col_0_0_,
        organisaat0_.alkupvm as col_1_0_,
        organisaat0_.lakkautuspvm as col_2_0_,
        organisaat0_.parentoidpath as col_3_0_,
        organisaat0_.ytunnus as col_4_0_,
        organisaat0_.virastotunnus as col_5_0_,
        organisaat0_.oppilaitoskoodi as col_6_0_,
        organisaat0_.oppilaitos_tyyppi as col_7_0_,
        organisaat0_.toimipistekoodi as col_8_0_,
        values3_.key as col_9_0_,
        values3_.value as col_10_0_,
        tyypit1_.tyypit as col_11_0_,
        kielet4_.kielet as col_12_0_,
        organisaat0_.kotipaikka as col_13_0_ 
    from
        organisaatio organisaat0_ 
    inner join
        organisaatio_tyypit tyypit1_ 
            on organisaat0_.id=tyypit1_.organisaatio_id 
    left outer join
        monikielinen_teksti monikielin2_ 
            on organisaat0_.nimi_mkt=monikielin2_.id 
    left outer join
        monikielinen_teksti_values values3_ 
            on monikielin2_.id=values3_.id 
    left outer join
        organisaatio_kielet kielet4_ 
            on organisaat0_.id=kielet4_.organisaatio_id 
    where
        (
            organisaat0_.lakkautuspvm is null 
            or organisaat0_.lakkautuspvm>=?
        ) 
        and organisaat0_.organisaatio_poistettu=? 
        and tyypit1_.tyypit<>?
2020-06-10 18:12:08.499 TRACE 55751 --- [    Test worker] o.h.type.descriptor.sql.BasicBinder      : binding parameter [1] as [DATE] - [Wed Jun 10 18:12:08 EEST 2020]
2020-06-10 18:12:08.499 TRACE 55751 --- [    Test worker] o.h.type.descriptor.sql.BasicBinder      : binding parameter [2] as [BOOLEAN] - [false]
2020-06-10 18:12:08.499 TRACE 55751 --- [    Test worker] o.h.type.descriptor.sql.BasicBinder      : binding parameter [3] as [VARCHAR] - [Ryhma]
2020-06-10 18:12:08.499 TRACE 55751 --- [    Test worker] o.h.type.descriptor.sql.BasicExtractor   : extracted value ([col_0_0_] : [VARCHAR]) - [1.2.246.562.24.00000000001]
2020-06-10 18:12:08.499 TRACE 55751 --- [    Test worker] o.h.type.descriptor.sql.BasicExtractor   : extracted value ([col_1_0_] : [DATE]) - [2004-06-29]
2020-06-10 18:12:08.499 TRACE 55751 --- [    Test worker] o.h.type.descriptor.sql.BasicExtractor   : extracted value ([col_2_0_] : [DATE]) - [null]
2020-06-10 18:12:08.499 TRACE 55751 --- [    Test worker] o.h.type.descriptor.sql.BasicExtractor   : extracted value ([col_3_0_] : [VARCHAR]) - [null]
2020-06-10 18:12:08.499 TRACE 55751 --- [    Test worker] o.h.type.descriptor.sql.BasicExtractor   : extracted value ([col_4_0_] : [VARCHAR]) - [null]
2020-06-10 18:12:08.499 TRACE 55751 --- [    Test worker] o.h.type.descriptor.sql.BasicExtractor   : extracted value ([col_5_0_] : [VARCHAR]) - [null]
2020-06-10 18:12:08.499 TRACE 55751 --- [    Test worker] o.h.type.descriptor.sql.BasicExtractor   : extracted value ([col_6_0_] : [VARCHAR]) - [null]
2020-06-10 18:12:08.499 TRACE 55751 --- [    Test worker] o.h.type.descriptor.sql.BasicExtractor   : extracted value ([col_7_0_] : [VARCHAR]) - [null]
2020-06-10 18:12:08.499 TRACE 55751 --- [    Test worker] o.h.type.descriptor.sql.BasicExtractor   : extracted value ([col_8_0_] : [VARCHAR]) - [null]
2020-06-10 18:12:08.499 TRACE 55751 --- [    Test worker] o.h.type.descriptor.sql.BasicExtractor   : extracted value ([col_9_0_] : [VARCHAR]) - [fi]
2020-06-10 18:12:08.499 TRACE 55751 --- [    Test worker] o.h.type.descriptor.sql.BasicExtractor   : extracted value ([col_10_0_] : [VARCHAR]) - [opetushallitus]
2020-06-10 18:12:08.499 TRACE 55751 --- [    Test worker] o.h.type.descriptor.sql.BasicExtractor   : extracted value ([col_11_0_] : [VARCHAR]) - [organisaatiotyyppi_01]
2020-06-10 18:12:08.499 TRACE 55751 --- [    Test worker] o.h.type.descriptor.sql.BasicExtractor   : extracted value ([col_12_0_] : [VARCHAR]) - [null]
2020-06-10 18:12:08.499 TRACE 55751 --- [    Test worker] o.h.type.descriptor.sql.BasicExtractor   : extracted value ([col_13_0_] : [VARCHAR]) - [Helsinki]
2020-06-10 18:12:08.499 TRACE 55751 --- [    Test worker] o.h.type.descriptor.sql.BasicExtractor   : extracted value ([col_0_0_] : [VARCHAR]) - [1.2.2004.1]
2020-06-10 18:12:08.499 TRACE 55751 --- [    Test worker] o.h.type.descriptor.sql.BasicExtractor   : extracted value ([col_1_0_] : [DATE]) - [2004-08-08]
2020-06-10 18:12:08.500 TRACE 55751 --- [    Test worker] o.h.type.descriptor.sql.BasicExtractor   : extracted value ([col_2_0_] : [DATE]) - [null]
2020-06-10 18:12:08.500 TRACE 55751 --- [    Test worker] o.h.type.descriptor.sql.BasicExtractor   : extracted value ([col_3_0_] : [VARCHAR]) - [|1.2.246.562.24.00000000001|]
2020-06-10 18:12:08.500 TRACE 55751 --- [    Test worker] o.h.type.descriptor.sql.BasicExtractor   : extracted value ([col_4_0_] : [VARCHAR]) - [2255802-1]
2020-06-10 18:12:08.500 TRACE 55751 --- [    Test worker] o.h.type.descriptor.sql.BasicExtractor   : extracted value ([col_5_0_] : [VARCHAR]) - [null]
2020-06-10 18:12:08.500 TRACE 55751 --- [    Test worker] o.h.type.descriptor.sql.BasicExtractor   : extracted value ([col_6_0_] : [VARCHAR]) - [12345]
2020-06-10 18:12:08.500 TRACE 55751 --- [    Test worker] o.h.type.descriptor.sql.BasicExtractor   : extracted value ([col_7_0_] : [VARCHAR]) - [null]
2020-06-10 18:12:08.500 TRACE 55751 --- [    Test worker] o.h.type.descriptor.sql.BasicExtractor   : extracted value ([col_8_0_] : [VARCHAR]) - [null]
2020-06-10 18:12:08.500 TRACE 55751 --- [    Test worker] o.h.type.descriptor.sql.BasicExtractor   : extracted value ([col_9_0_] : [VARCHAR]) - [fi]
2020-06-10 18:12:08.500 TRACE 55751 --- [    Test worker] o.h.type.descriptor.sql.BasicExtractor   : extracted value ([col_10_0_] : [VARCHAR]) - [root test koulutustoimija]
2020-06-10 18:12:08.500 TRACE 55751 --- [    Test worker] o.h.type.descriptor.sql.BasicExtractor   : extracted value ([col_11_0_] : [VARCHAR]) - [organisaatiotyyppi_01]
2020-06-10 18:12:08.500 TRACE 55751 --- [    Test worker] o.h.type.descriptor.sql.BasicExtractor   : extracted value ([col_12_0_] : [VARCHAR]) - [null]
2020-06-10 18:12:08.500 TRACE 55751 --- [    Test worker] o.h.type.descriptor.sql.BasicExtractor   : extracted value ([col_13_0_] : [VARCHAR]) - [Helsinki]
2020-06-10 18:12:08.500 TRACE 55751 --- [    Test worker] o.h.type.descriptor.sql.BasicExtractor   : extracted value ([col_0_0_] : [VARCHAR]) - [1.2.2004.1]
2020-06-10 18:12:08.500 TRACE 55751 --- [    Test worker] o.h.type.descriptor.sql.BasicExtractor   : extracted value ([col_1_0_] : [DATE]) - [2004-08-08]
2020-06-10 18:12:08.500 TRACE 55751 --- [    Test worker] o.h.type.descriptor.sql.BasicExtractor   : extracted value ([col_2_0_] : [DATE]) - [null]
2020-06-10 18:12:08.500 TRACE 55751 --- [    Test worker] o.h.type.descriptor.sql.BasicExtractor   : extracted value ([col_3_0_] : [VARCHAR]) - [|1.2.246.562.24.00000000001|]
2020-06-10 18:12:08.500 TRACE 55751 --- [    Test worker] o.h.type.descriptor.sql.BasicExtractor   : extracted value ([col_4_0_] : [VARCHAR]) - [2255802-1]
2020-06-10 18:12:08.500 TRACE 55751 --- [    Test worker] o.h.type.descriptor.sql.BasicExtractor   : extracted value ([col_5_0_] : [VARCHAR]) - [null]
2020-06-10 18:12:08.500 TRACE 55751 --- [    Test worker] o.h.type.descriptor.sql.BasicExtractor   : extracted value ([col_6_0_] : [VARCHAR]) - [12345]
2020-06-10 18:12:08.500 TRACE 55751 --- [    Test worker] o.h.type.descriptor.sql.BasicExtractor   : extracted value ([col_7_0_] : [VARCHAR]) - [null]
2020-06-10 18:12:08.500 TRACE 55751 --- [    Test worker] o.h.type.descriptor.sql.BasicExtractor   : extracted value ([col_8_0_] : [VARCHAR]) - [null]
2020-06-10 18:12:08.500 TRACE 55751 --- [    Test worker] o.h.type.descriptor.sql.BasicExtractor   : extracted value ([col_9_0_] : [VARCHAR]) - [sv]
2020-06-10 18:12:08.500 TRACE 55751 --- [    Test worker] o.h.type.descriptor.sql.BasicExtractor   : extracted value ([col_10_0_] : [VARCHAR]) - [root test utbildningsoperator]
2020-06-10 18:12:08.500 TRACE 55751 --- [    Test worker] o.h.type.descriptor.sql.BasicExtractor   : extracted value ([col_11_0_] : [VARCHAR]) - [organisaatiotyyppi_01]
2020-06-10 18:12:08.500 TRACE 55751 --- [    Test worker] o.h.type.descriptor.sql.BasicExtractor   : extracted value ([col_12_0_] : [VARCHAR]) - [null]
2020-06-10 18:12:08.500 TRACE 55751 --- [    Test worker] o.h.type.descriptor.sql.BasicExtractor   : extracted value ([col_13_0_] : [VARCHAR]) - [Helsinki]
2020-06-10 18:12:08.500 TRACE 55751 --- [    Test worker] o.h.type.descriptor.sql.BasicExtractor   : extracted value ([col_0_0_] : [VARCHAR]) - [1.2.2004.2]
2020-06-10 18:12:08.500 TRACE 55751 --- [    Test worker] o.h.type.descriptor.sql.BasicExtractor   : extracted value ([col_1_0_] : [DATE]) - [2013-06-29]
2020-06-10 18:12:08.500 TRACE 55751 --- [    Test worker] o.h.type.descriptor.sql.BasicExtractor   : extracted value ([col_2_0_] : [DATE]) - [null]
2020-06-10 18:12:08.500 TRACE 55751 --- [    Test worker] o.h.type.descriptor.sql.BasicExtractor   : extracted value ([col_3_0_] : [VARCHAR]) - [|1.2.246.562.24.00000000001|1.2.2004.1|]
2020-06-10 18:12:08.500 TRACE 55751 --- [    Test worker] o.h.type.descriptor.sql.BasicExtractor   : extracted value ([col_4_0_] : [VARCHAR]) - [1234567-2]
2020-06-10 18:12:08.500 TRACE 55751 --- [    Test worker] o.h.type.descriptor.sql.BasicExtractor   : extracted value ([col_5_0_] : [VARCHAR]) - [null]
2020-06-10 18:12:08.500 TRACE 55751 --- [    Test worker] o.h.type.descriptor.sql.BasicExtractor   : extracted value ([col_6_0_] : [VARCHAR]) - [null]
2020-06-10 18:12:08.500 TRACE 55751 --- [    Test worker] o.h.type.descriptor.sql.BasicExtractor   : extracted value ([col_7_0_] : [VARCHAR]) - [oppilaitostyyppi_41#1]
2020-06-10 18:12:08.500 TRACE 55751 --- [    Test worker] o.h.type.descriptor.sql.BasicExtractor   : extracted value ([col_8_0_] : [VARCHAR]) - [123451]
2020-06-10 18:12:08.500 TRACE 55751 --- [    Test worker] o.h.type.descriptor.sql.BasicExtractor   : extracted value ([col_9_0_] : [VARCHAR]) - [fi]
2020-06-10 18:12:08.500 TRACE 55751 --- [    Test worker] o.h.type.descriptor.sql.BasicExtractor   : extracted value ([col_10_0_] : [VARCHAR]) - [node1 asd]
2020-06-10 18:12:08.500 TRACE 55751 --- [    Test worker] o.h.type.descriptor.sql.BasicExtractor   : extracted value ([col_11_0_] : [VARCHAR]) - [organisaatiotyyppi_03]
2020-06-10 18:12:08.500 TRACE 55751 --- [    Test worker] o.h.type.descriptor.sql.BasicExtractor   : extracted value ([col_12_0_] : [VARCHAR]) - [null]
2020-06-10 18:12:08.500 TRACE 55751 --- [    Test worker] o.h.type.descriptor.sql.BasicExtractor   : extracted value ([col_13_0_] : [VARCHAR]) - [Helsinki]
2020-06-10 18:12:08.500 TRACE 55751 --- [    Test worker] o.h.type.descriptor.sql.BasicExtractor   : extracted value ([col_0_0_] : [VARCHAR]) - [1.2.2004.2]
2020-06-10 18:12:08.500 TRACE 55751 --- [    Test worker] o.h.type.descriptor.sql.BasicExtractor   : extracted value ([col_1_0_] : [DATE]) - [2013-06-29]
2020-06-10 18:12:08.500 TRACE 55751 --- [    Test worker] o.h.type.descriptor.sql.BasicExtractor   : extracted value ([col_2_0_] : [DATE]) - [null]
2020-06-10 18:12:08.500 TRACE 55751 --- [    Test worker] o.h.type.descriptor.sql.BasicExtractor   : extracted value ([col_3_0_] : [VARCHAR]) - [|1.2.246.562.24.00000000001|1.2.2004.1|]
2020-06-10 18:12:08.500 TRACE 55751 --- [    Test worker] o.h.type.descriptor.sql.BasicExtractor   : extracted value ([col_4_0_] : [VARCHAR]) - [1234567-2]
2020-06-10 18:12:08.500 TRACE 55751 --- [    Test worker] o.h.type.descriptor.sql.BasicExtractor   : extracted value ([col_5_0_] : [VARCHAR]) - [null]
2020-06-10 18:12:08.500 TRACE 55751 --- [    Test worker] o.h.type.descriptor.sql.BasicExtractor   : extracted value ([col_6_0_] : [VARCHAR]) - [null]
2020-06-10 18:12:08.500 TRACE 55751 --- [    Test worker] o.h.type.descriptor.sql.BasicExtractor   : extracted value ([col_7_0_] : [VARCHAR]) - [oppilaitostyyppi_41#1]
2020-06-10 18:12:08.500 TRACE 55751 --- [    Test worker] o.h.type.descriptor.sql.BasicExtractor   : extracted value ([col_8_0_] : [VARCHAR]) - [123451]
2020-06-10 18:12:08.500 TRACE 55751 --- [    Test worker] o.h.type.descriptor.sql.BasicExtractor   : extracted value ([col_9_0_] : [VARCHAR]) - [fi]
2020-06-10 18:12:08.500 TRACE 55751 --- [    Test worker] o.h.type.descriptor.sql.BasicExtractor   : extracted value ([col_10_0_] : [VARCHAR]) - [node1 asd]
2020-06-10 18:12:08.500 TRACE 55751 --- [    Test worker] o.h.type.descriptor.sql.BasicExtractor   : extracted value ([col_11_0_] : [VARCHAR]) - [organisaatiotyyppi_02]
2020-06-10 18:12:08.500 TRACE 55751 --- [    Test worker] o.h.type.descriptor.sql.BasicExtractor   : extracted value ([col_12_0_] : [VARCHAR]) - [null]
2020-06-10 18:12:08.500 TRACE 55751 --- [    Test worker] o.h.type.descriptor.sql.BasicExtractor   : extracted value ([col_13_0_] : [VARCHAR]) - [Helsinki]
2020-06-10 18:12:08.500 TRACE 55751 --- [    Test worker] o.h.type.descriptor.sql.BasicExtractor   : extracted value ([col_0_0_] : [VARCHAR]) - [1.2.2004.2]
2020-06-10 18:12:08.500 TRACE 55751 --- [    Test worker] o.h.type.descriptor.sql.BasicExtractor   : extracted value ([col_1_0_] : [DATE]) - [2013-06-29]
2020-06-10 18:12:08.500 TRACE 55751 --- [    Test worker] o.h.type.descriptor.sql.BasicExtractor   : extracted value ([col_2_0_] : [DATE]) - [null]
2020-06-10 18:12:08.500 TRACE 55751 --- [    Test worker] o.h.type.descriptor.sql.BasicExtractor   : extracted value ([col_3_0_] : [VARCHAR]) - [|1.2.246.562.24.00000000001|1.2.2004.1|]
2020-06-10 18:12:08.500 TRACE 55751 --- [    Test worker] o.h.type.descriptor.sql.BasicExtractor   : extracted value ([col_4_0_] : [VARCHAR]) - [1234567-2]
2020-06-10 18:12:08.500 TRACE 55751 --- [    Test worker] o.h.type.descriptor.sql.BasicExtractor   : extracted value ([col_5_0_] : [VARCHAR]) - [null]
2020-06-10 18:12:08.500 TRACE 55751 --- [    Test worker] o.h.type.descriptor.sql.BasicExtractor   : extracted value ([col_6_0_] : [VARCHAR]) - [null]
2020-06-10 18:12:08.500 TRACE 55751 --- [    Test worker] o.h.type.descriptor.sql.BasicExtractor   : extracted value ([col_7_0_] : [VARCHAR]) - [oppilaitostyyppi_41#1]
2020-06-10 18:12:08.500 TRACE 55751 --- [    Test worker] o.h.type.descriptor.sql.BasicExtractor   : extracted value ([col_8_0_] : [VARCHAR]) - [123451]
2020-06-10 18:12:08.500 TRACE 55751 --- [    Test worker] o.h.type.descriptor.sql.BasicExtractor   : extracted value ([col_9_0_] : [VARCHAR]) - [fi]
2020-06-10 18:12:08.500 TRACE 55751 --- [    Test worker] o.h.type.descriptor.sql.BasicExtractor   : extracted value ([col_10_0_] : [VARCHAR]) - [node1 asd]
2020-06-10 18:12:08.501 TRACE 55751 --- [    Test worker] o.h.type.descriptor.sql.BasicExtractor   : extracted value ([col_11_0_] : [VARCHAR]) - [organisaatiotyyppi_04]
2020-06-10 18:12:08.501 TRACE 55751 --- [    Test worker] o.h.type.descriptor.sql.BasicExtractor   : extracted value ([col_12_0_] : [VARCHAR]) - [null]
2020-06-10 18:12:08.501 TRACE 55751 --- [    Test worker] o.h.type.descriptor.sql.BasicExtractor   : extracted value ([col_13_0_] : [VARCHAR]) - [Helsinki]
2020-06-10 18:12:08.501 TRACE 55751 --- [    Test worker] o.h.type.descriptor.sql.BasicExtractor   : extracted value ([col_0_0_] : [VARCHAR]) - [1.2.2004.3]
2020-06-10 18:12:08.501 TRACE 55751 --- [    Test worker] o.h.type.descriptor.sql.BasicExtractor   : extracted value ([col_1_0_] : [DATE]) - [null]
2020-06-10 18:12:08.501 TRACE 55751 --- [    Test worker] o.h.type.descriptor.sql.BasicExtractor   : extracted value ([col_2_0_] : [DATE]) - [null]
2020-06-10 18:12:08.501 TRACE 55751 --- [    Test worker] o.h.type.descriptor.sql.BasicExtractor   : extracted value ([col_3_0_] : [VARCHAR]) - [|1.2.246.562.24.00000000001|1.2.2004.1|]
2020-06-10 18:12:08.501 TRACE 55751 --- [    Test worker] o.h.type.descriptor.sql.BasicExtractor   : extracted value ([col_4_0_] : [VARCHAR]) - [1234567-3]
2020-06-10 18:12:08.501 TRACE 55751 --- [    Test worker] o.h.type.descriptor.sql.BasicExtractor   : extracted value ([col_5_0_] : [VARCHAR]) - [null]
2020-06-10 18:12:08.501 TRACE 55751 --- [    Test worker] o.h.type.descriptor.sql.BasicExtractor   : extracted value ([col_6_0_] : [VARCHAR]) - [null]
2020-06-10 18:12:08.501 TRACE 55751 --- [    Test worker] o.h.type.descriptor.sql.BasicExtractor   : extracted value ([col_7_0_] : [VARCHAR]) - [oppilaitostyyppi_42#1]
2020-06-10 18:12:08.501 TRACE 55751 --- [    Test worker] o.h.type.descriptor.sql.BasicExtractor   : extracted value ([col_8_0_] : [VARCHAR]) - [123452]
2020-06-10 18:12:08.501 TRACE 55751 --- [    Test worker] o.h.type.descriptor.sql.BasicExtractor   : extracted value ([col_9_0_] : [VARCHAR]) - [fi]
2020-06-10 18:12:08.501 TRACE 55751 --- [    Test worker] o.h.type.descriptor.sql.BasicExtractor   : extracted value ([col_10_0_] : [VARCHAR]) - [node2 foo]
2020-06-10 18:12:08.501 TRACE 55751 --- [    Test worker] o.h.type.descriptor.sql.BasicExtractor   : extracted value ([col_11_0_] : [VARCHAR]) - [organisaatiotyyppi_03]
2020-06-10 18:12:08.501 TRACE 55751 --- [    Test worker] o.h.type.descriptor.sql.BasicExtractor   : extracted value ([col_12_0_] : [VARCHAR]) - [null]
2020-06-10 18:12:08.501 TRACE 55751 --- [    Test worker] o.h.type.descriptor.sql.BasicExtractor   : extracted value ([col_13_0_] : [VARCHAR]) - [Helsinki]
2020-06-10 18:12:08.501 TRACE 55751 --- [    Test worker] o.h.type.descriptor.sql.BasicExtractor   : extracted value ([col_0_0_] : [VARCHAR]) - [1.2.2004.3]
2020-06-10 18:12:08.501 TRACE 55751 --- [    Test worker] o.h.type.descriptor.sql.BasicExtractor   : extracted value ([col_1_0_] : [DATE]) - [null]
2020-06-10 18:12:08.501 TRACE 55751 --- [    Test worker] o.h.type.descriptor.sql.BasicExtractor   : extracted value ([col_2_0_] : [DATE]) - [null]
2020-06-10 18:12:08.501 TRACE 55751 --- [    Test worker] o.h.type.descriptor.sql.BasicExtractor   : extracted value ([col_3_0_] : [VARCHAR]) - [|1.2.246.562.24.00000000001|1.2.2004.1|]
2020-06-10 18:12:08.501 TRACE 55751 --- [    Test worker] o.h.type.descriptor.sql.BasicExtractor   : extracted value ([col_4_0_] : [VARCHAR]) - [1234567-3]
2020-06-10 18:12:08.501 TRACE 55751 --- [    Test worker] o.h.type.descriptor.sql.BasicExtractor   : extracted value ([col_5_0_] : [VARCHAR]) - [null]
2020-06-10 18:12:08.501 TRACE 55751 --- [    Test worker] o.h.type.descriptor.sql.BasicExtractor   : extracted value ([col_6_0_] : [VARCHAR]) - [null]
2020-06-10 18:12:08.501 TRACE 55751 --- [    Test worker] o.h.type.descriptor.sql.BasicExtractor   : extracted value ([col_7_0_] : [VARCHAR]) - [oppilaitostyyppi_42#1]
2020-06-10 18:12:08.501 TRACE 55751 --- [    Test worker] o.h.type.descriptor.sql.BasicExtractor   : extracted value ([col_8_0_] : [VARCHAR]) - [123452]
2020-06-10 18:12:08.501 TRACE 55751 --- [    Test worker] o.h.type.descriptor.sql.BasicExtractor   : extracted value ([col_9_0_] : [VARCHAR]) - [fi]
2020-06-10 18:12:08.501 TRACE 55751 --- [    Test worker] o.h.type.descriptor.sql.BasicExtractor   : extracted value ([col_10_0_] : [VARCHAR]) - [node2 foo]
2020-06-10 18:12:08.501 TRACE 55751 --- [    Test worker] o.h.type.descriptor.sql.BasicExtractor   : extracted value ([col_11_0_] : [VARCHAR]) - [organisaatiotyyppi_02]
2020-06-10 18:12:08.501 TRACE 55751 --- [    Test worker] o.h.type.descriptor.sql.BasicExtractor   : extracted value ([col_12_0_] : [VARCHAR]) - [null]
2020-06-10 18:12:08.501 TRACE 55751 --- [    Test worker] o.h.type.descriptor.sql.BasicExtractor   : extracted value ([col_13_0_] : [VARCHAR]) - [Helsinki]
2020-06-10 18:12:08.501 TRACE 55751 --- [    Test worker] o.h.type.descriptor.sql.BasicExtractor   : extracted value ([col_0_0_] : [VARCHAR]) - [1.2.2004.3]
2020-06-10 18:12:08.501 TRACE 55751 --- [    Test worker] o.h.type.descriptor.sql.BasicExtractor   : extracted value ([col_1_0_] : [DATE]) - [null]
2020-06-10 18:12:08.501 TRACE 55751 --- [    Test worker] o.h.type.descriptor.sql.BasicExtractor   : extracted value ([col_2_0_] : [DATE]) - [null]
2020-06-10 18:12:08.501 TRACE 55751 --- [    Test worker] o.h.type.descriptor.sql.BasicExtractor   : extracted value ([col_3_0_] : [VARCHAR]) - [|1.2.246.562.24.00000000001|1.2.2004.1|]
2020-06-10 18:12:08.501 TRACE 55751 --- [    Test worker] o.h.type.descriptor.sql.BasicExtractor   : extracted value ([col_4_0_] : [VARCHAR]) - [1234567-3]
2020-06-10 18:12:08.501 TRACE 55751 --- [    Test worker] o.h.type.descriptor.sql.BasicExtractor   : extracted value ([col_5_0_] : [VARCHAR]) - [null]
2020-06-10 18:12:08.501 TRACE 55751 --- [    Test worker] o.h.type.descriptor.sql.BasicExtractor   : extracted value ([col_6_0_] : [VARCHAR]) - [null]
2020-06-10 18:12:08.501 TRACE 55751 --- [    Test worker] o.h.type.descriptor.sql.BasicExtractor   : extracted value ([col_7_0_] : [VARCHAR]) - [oppilaitostyyppi_42#1]
2020-06-10 18:12:08.501 TRACE 55751 --- [    Test worker] o.h.type.descriptor.sql.BasicExtractor   : extracted value ([col_8_0_] : [VARCHAR]) - [123452]
2020-06-10 18:12:08.501 TRACE 55751 --- [    Test worker] o.h.type.descriptor.sql.BasicExtractor   : extracted value ([col_9_0_] : [VARCHAR]) - [fi]
2020-06-10 18:12:08.501 TRACE 55751 --- [    Test worker] o.h.type.descriptor.sql.BasicExtractor   : extracted value ([col_10_0_] : [VARCHAR]) - [node2 foo]
2020-06-10 18:12:08.501 TRACE 55751 --- [    Test worker] o.h.type.descriptor.sql.BasicExtractor   : extracted value ([col_11_0_] : [VARCHAR]) - [organisaatiotyyppi_04]
2020-06-10 18:12:08.501 TRACE 55751 --- [    Test worker] o.h.type.descriptor.sql.BasicExtractor   : extracted value ([col_12_0_] : [VARCHAR]) - [null]
2020-06-10 18:12:08.501 TRACE 55751 --- [    Test worker] o.h.type.descriptor.sql.BasicExtractor   : extracted value ([col_13_0_] : [VARCHAR]) - [Helsinki]
2020-06-10 18:12:08.501 TRACE 55751 --- [    Test worker] o.h.type.descriptor.sql.BasicExtractor   : extracted value ([col_0_0_] : [VARCHAR]) - [1.2.2004.4]
2020-06-10 18:12:08.501 TRACE 55751 --- [    Test worker] o.h.type.descriptor.sql.BasicExtractor   : extracted value ([col_1_0_] : [DATE]) - [null]
2020-06-10 18:12:08.501 TRACE 55751 --- [    Test worker] o.h.type.descriptor.sql.BasicExtractor   : extracted value ([col_2_0_] : [DATE]) - [null]
2020-06-10 18:12:08.501 TRACE 55751 --- [    Test worker] o.h.type.descriptor.sql.BasicExtractor   : extracted value ([col_3_0_] : [VARCHAR]) - [|1.2.246.562.24.00000000001|1.2.2004.1|1.2.2004.3|]
2020-06-10 18:12:08.501 TRACE 55751 --- [    Test worker] o.h.type.descriptor.sql.BasicExtractor   : extracted value ([col_4_0_] : [VARCHAR]) - [1234567-4]
2020-06-10 18:12:08.501 TRACE 55751 --- [    Test worker] o.h.type.descriptor.sql.BasicExtractor   : extracted value ([col_5_0_] : [VARCHAR]) - [null]
2020-06-10 18:12:08.501 TRACE 55751 --- [    Test worker] o.h.type.descriptor.sql.BasicExtractor   : extracted value ([col_6_0_] : [VARCHAR]) - [null]
2020-06-10 18:12:08.501 TRACE 55751 --- [    Test worker] o.h.type.descriptor.sql.BasicExtractor   : extracted value ([col_7_0_] : [VARCHAR]) - [oppilaitostyyppi_42#1]
2020-06-10 18:12:08.501 TRACE 55751 --- [    Test worker] o.h.type.descriptor.sql.BasicExtractor   : extracted value ([col_8_0_] : [VARCHAR]) - [null]
2020-06-10 18:12:08.501 TRACE 55751 --- [    Test worker] o.h.type.descriptor.sql.BasicExtractor   : extracted value ([col_9_0_] : [VARCHAR]) - [fi]
2020-06-10 18:12:08.501 TRACE 55751 --- [    Test worker] o.h.type.descriptor.sql.BasicExtractor   : extracted value ([col_10_0_] : [VARCHAR]) - [node22 foo bar]
2020-06-10 18:12:08.501 TRACE 55751 --- [    Test worker] o.h.type.descriptor.sql.BasicExtractor   : extracted value ([col_11_0_] : [VARCHAR]) - [organisaatiotyyppi_03]
2020-06-10 18:12:08.501 TRACE 55751 --- [    Test worker] o.h.type.descriptor.sql.BasicExtractor   : extracted value ([col_12_0_] : [VARCHAR]) - [null]
2020-06-10 18:12:08.501 TRACE 55751 --- [    Test worker] o.h.type.descriptor.sql.BasicExtractor   : extracted value ([col_13_0_] : [VARCHAR]) - [Helsinki]
2020-06-10 18:12:08.501 TRACE 55751 --- [    Test worker] o.h.type.descriptor.sql.BasicExtractor   : extracted value ([col_0_0_] : [VARCHAR]) - [1.2.2004.4]
2020-06-10 18:12:08.501 TRACE 55751 --- [    Test worker] o.h.type.descriptor.sql.BasicExtractor   : extracted value ([col_1_0_] : [DATE]) - [null]
2020-06-10 18:12:08.501 TRACE 55751 --- [    Test worker] o.h.type.descriptor.sql.BasicExtractor   : extracted value ([col_2_0_] : [DATE]) - [null]
2020-06-10 18:12:08.501 TRACE 55751 --- [    Test worker] o.h.type.descriptor.sql.BasicExtractor   : extracted value ([col_3_0_] : [VARCHAR]) - [|1.2.246.562.24.00000000001|1.2.2004.1|1.2.2004.3|]
2020-06-10 18:12:08.501 TRACE 55751 --- [    Test worker] o.h.type.descriptor.sql.BasicExtractor   : extracted value ([col_4_0_] : [VARCHAR]) - [1234567-4]
2020-06-10 18:12:08.501 TRACE 55751 --- [    Test worker] o.h.type.descriptor.sql.BasicExtractor   : extracted value ([col_5_0_] : [VARCHAR]) - [null]
2020-06-10 18:12:08.501 TRACE 55751 --- [    Test worker] o.h.type.descriptor.sql.BasicExtractor   : extracted value ([col_6_0_] : [VARCHAR]) - [null]
2020-06-10 18:12:08.501 TRACE 55751 --- [    Test worker] o.h.type.descriptor.sql.BasicExtractor   : extracted value ([col_7_0_] : [VARCHAR]) - [oppilaitostyyppi_42#1]
2020-06-10 18:12:08.501 TRACE 55751 --- [    Test worker] o.h.type.descriptor.sql.BasicExtractor   : extracted value ([col_8_0_] : [VARCHAR]) - [null]
2020-06-10 18:12:08.501 TRACE 55751 --- [    Test worker] o.h.type.descriptor.sql.BasicExtractor   : extracted value ([col_9_0_] : [VARCHAR]) - [fi]
2020-06-10 18:12:08.501 TRACE 55751 --- [    Test worker] o.h.type.descriptor.sql.BasicExtractor   : extracted value ([col_10_0_] : [VARCHAR]) - [node22 foo bar]
2020-06-10 18:12:08.501 TRACE 55751 --- [    Test worker] o.h.type.descriptor.sql.BasicExtractor   : extracted value ([col_11_0_] : [VARCHAR]) - [organisaatiotyyppi_02]
2020-06-10 18:12:08.501 TRACE 55751 --- [    Test worker] o.h.type.descriptor.sql.BasicExtractor   : extracted value ([col_12_0_] : [VARCHAR]) - [null]
2020-06-10 18:12:08.501 TRACE 55751 --- [    Test worker] o.h.type.descriptor.sql.BasicExtractor   : extracted value ([col_13_0_] : [VARCHAR]) - [Helsinki]
2020-06-10 18:12:08.501 TRACE 55751 --- [    Test worker] o.h.type.descriptor.sql.BasicExtractor   : extracted value ([col_0_0_] : [VARCHAR]) - [1.2.2004.4]
2020-06-10 18:12:08.501 TRACE 55751 --- [    Test worker] o.h.type.descriptor.sql.BasicExtractor   : extracted value ([col_1_0_] : [DATE]) - [null]
2020-06-10 18:12:08.501 TRACE 55751 --- [    Test worker] o.h.type.descriptor.sql.BasicExtractor   : extracted value ([col_2_0_] : [DATE]) - [null]
2020-06-10 18:12:08.501 TRACE 55751 --- [    Test worker] o.h.type.descriptor.sql.BasicExtractor   : extracted value ([col_3_0_] : [VARCHAR]) - [|1.2.246.562.24.00000000001|1.2.2004.1|1.2.2004.3|]
2020-06-10 18:12:08.501 TRACE 55751 --- [    Test worker] o.h.type.descriptor.sql.BasicExtractor   : extracted value ([col_4_0_] : [VARCHAR]) - [1234567-4]
2020-06-10 18:12:08.501 TRACE 55751 --- [    Test worker] o.h.type.descriptor.sql.BasicExtractor   : extracted value ([col_5_0_] : [VARCHAR]) - [null]
2020-06-10 18:12:08.501 TRACE 55751 --- [    Test worker] o.h.type.descriptor.sql.BasicExtractor   : extracted value ([col_6_0_] : [VARCHAR]) - [null]
2020-06-10 18:12:08.502 TRACE 55751 --- [    Test worker] o.h.type.descriptor.sql.BasicExtractor   : extracted value ([col_7_0_] : [VARCHAR]) - [oppilaitostyyppi_42#1]
2020-06-10 18:12:08.502 TRACE 55751 --- [    Test worker] o.h.type.descriptor.sql.BasicExtractor   : extracted value ([col_8_0_] : [VARCHAR]) - [null]
2020-06-10 18:12:08.502 TRACE 55751 --- [    Test worker] o.h.type.descriptor.sql.BasicExtractor   : extracted value ([col_9_0_] : [VARCHAR]) - [fi]
2020-06-10 18:12:08.502 TRACE 55751 --- [    Test worker] o.h.type.descriptor.sql.BasicExtractor   : extracted value ([col_10_0_] : [VARCHAR]) - [node22 foo bar]
2020-06-10 18:12:08.502 TRACE 55751 --- [    Test worker] o.h.type.descriptor.sql.BasicExtractor   : extracted value ([col_11_0_] : [VARCHAR]) - [organisaatiotyyppi_04]
2020-06-10 18:12:08.502 TRACE 55751 --- [    Test worker] o.h.type.descriptor.sql.BasicExtractor   : extracted value ([col_12_0_] : [VARCHAR]) - [null]
2020-06-10 18:12:08.502 TRACE 55751 --- [    Test worker] o.h.type.descriptor.sql.BasicExtractor   : extracted value ([col_13_0_] : [VARCHAR]) - [Helsinki]
2020-06-10 18:12:08.502 TRACE 55751 --- [    Test worker] o.h.type.descriptor.sql.BasicExtractor   : extracted value ([col_0_0_] : [VARCHAR]) - [1.2.2005.4]
2020-06-10 18:12:08.502 TRACE 55751 --- [    Test worker] o.h.type.descriptor.sql.BasicExtractor   : extracted value ([col_1_0_] : [DATE]) - [2010-08-29]
2020-06-10 18:12:08.502 TRACE 55751 --- [    Test worker] o.h.type.descriptor.sql.BasicExtractor   : extracted value ([col_2_0_] : [DATE]) - [null]
2020-06-10 18:12:08.502 TRACE 55751 --- [    Test worker] o.h.type.descriptor.sql.BasicExtractor   : extracted value ([col_3_0_] : [VARCHAR]) - [|1.2.246.562.24.00000000001|1.2.2004.1|1.2.2004.3|]
2020-06-10 18:12:08.502 TRACE 55751 --- [    Test worker] o.h.type.descriptor.sql.BasicExtractor   : extracted value ([col_4_0_] : [VARCHAR]) - [1234568-4]
2020-06-10 18:12:08.502 TRACE 55751 --- [    Test worker] o.h.type.descriptor.sql.BasicExtractor   : extracted value ([col_5_0_] : [VARCHAR]) - [null]
2020-06-10 18:12:08.502 TRACE 55751 --- [    Test worker] o.h.type.descriptor.sql.BasicExtractor   : extracted value ([col_6_0_] : [VARCHAR]) - [null]
2020-06-10 18:12:08.502 TRACE 55751 --- [    Test worker] o.h.type.descriptor.sql.BasicExtractor   : extracted value ([col_7_0_] : [VARCHAR]) - [oppilaitostyyppi_42#1]
2020-06-10 18:12:08.502 TRACE 55751 --- [    Test worker] o.h.type.descriptor.sql.BasicExtractor   : extracted value ([col_8_0_] : [VARCHAR]) - [null]
2020-06-10 18:12:08.502 TRACE 55751 --- [    Test worker] o.h.type.descriptor.sql.BasicExtractor   : extracted value ([col_9_0_] : [VARCHAR]) - [fi]
2020-06-10 18:12:08.502 TRACE 55751 --- [    Test worker] o.h.type.descriptor.sql.BasicExtractor   : extracted value ([col_10_0_] : [VARCHAR]) - [node23 foo bar]
2020-06-10 18:12:08.502 TRACE 55751 --- [    Test worker] o.h.type.descriptor.sql.BasicExtractor   : extracted value ([col_11_0_] : [VARCHAR]) - [organisaatiotyyppi_03]
2020-06-10 18:12:08.502 TRACE 55751 --- [    Test worker] o.h.type.descriptor.sql.BasicExtractor   : extracted value ([col_12_0_] : [VARCHAR]) - [null]
2020-06-10 18:12:08.502 TRACE 55751 --- [    Test worker] o.h.type.descriptor.sql.BasicExtractor   : extracted value ([col_13_0_] : [VARCHAR]) - [Helsinki]
2020-06-10 18:12:08.502 TRACE 55751 --- [    Test worker] o.h.type.descriptor.sql.BasicExtractor   : extracted value ([col_0_0_] : [VARCHAR]) - [1.2.2005.4]
2020-06-10 18:12:08.502 TRACE 55751 --- [    Test worker] o.h.type.descriptor.sql.BasicExtractor   : extracted value ([col_1_0_] : [DATE]) - [2010-08-29]
2020-06-10 18:12:08.502 TRACE 55751 --- [    Test worker] o.h.type.descriptor.sql.BasicExtractor   : extracted value ([col_2_0_] : [DATE]) - [null]
2020-06-10 18:12:08.502 TRACE 55751 --- [    Test worker] o.h.type.descriptor.sql.BasicExtractor   : extracted value ([col_3_0_] : [VARCHAR]) - [|1.2.246.562.24.00000000001|1.2.2004.1|1.2.2004.3|]
2020-06-10 18:12:08.502 TRACE 55751 --- [    Test worker] o.h.type.descriptor.sql.BasicExtractor   : extracted value ([col_4_0_] : [VARCHAR]) - [1234568-4]
2020-06-10 18:12:08.502 TRACE 55751 --- [    Test worker] o.h.type.descriptor.sql.BasicExtractor   : extracted value ([col_5_0_] : [VARCHAR]) - [null]
2020-06-10 18:12:08.502 TRACE 55751 --- [    Test worker] o.h.type.descriptor.sql.BasicExtractor   : extracted value ([col_6_0_] : [VARCHAR]) - [null]
2020-06-10 18:12:08.502 TRACE 55751 --- [    Test worker] o.h.type.descriptor.sql.BasicExtractor   : extracted value ([col_7_0_] : [VARCHAR]) - [oppilaitostyyppi_42#1]
2020-06-10 18:12:08.502 TRACE 55751 --- [    Test worker] o.h.type.descriptor.sql.BasicExtractor   : extracted value ([col_8_0_] : [VARCHAR]) - [null]
2020-06-10 18:12:08.502 TRACE 55751 --- [    Test worker] o.h.type.descriptor.sql.BasicExtractor   : extracted value ([col_9_0_] : [VARCHAR]) - [fi]
2020-06-10 18:12:08.502 TRACE 55751 --- [    Test worker] o.h.type.descriptor.sql.BasicExtractor   : extracted value ([col_10_0_] : [VARCHAR]) - [node23 foo bar]
2020-06-10 18:12:08.502 TRACE 55751 --- [    Test worker] o.h.type.descriptor.sql.BasicExtractor   : extracted value ([col_11_0_] : [VARCHAR]) - [organisaatiotyyppi_02]
2020-06-10 18:12:08.502 TRACE 55751 --- [    Test worker] o.h.type.descriptor.sql.BasicExtractor   : extracted value ([col_12_0_] : [VARCHAR]) - [null]
2020-06-10 18:12:08.502 TRACE 55751 --- [    Test worker] o.h.type.descriptor.sql.BasicExtractor   : extracted value ([col_13_0_] : [VARCHAR]) - [Helsinki]
2020-06-10 18:12:08.502 TRACE 55751 --- [    Test worker] o.h.type.descriptor.sql.BasicExtractor   : extracted value ([col_0_0_] : [VARCHAR]) - [1.2.2005.4]
2020-06-10 18:12:08.502 TRACE 55751 --- [    Test worker] o.h.type.descriptor.sql.BasicExtractor   : extracted value ([col_1_0_] : [DATE]) - [2010-08-29]
2020-06-10 18:12:08.502 TRACE 55751 --- [    Test worker] o.h.type.descriptor.sql.BasicExtractor   : extracted value ([col_2_0_] : [DATE]) - [null]
2020-06-10 18:12:08.502 TRACE 55751 --- [    Test worker] o.h.type.descriptor.sql.BasicExtractor   : extracted value ([col_3_0_] : [VARCHAR]) - [|1.2.246.562.24.00000000001|1.2.2004.1|1.2.2004.3|]
2020-06-10 18:12:08.502 TRACE 55751 --- [    Test worker] o.h.type.descriptor.sql.BasicExtractor   : extracted value ([col_4_0_] : [VARCHAR]) - [1234568-4]
2020-06-10 18:12:08.502 TRACE 55751 --- [    Test worker] o.h.type.descriptor.sql.BasicExtractor   : extracted value ([col_5_0_] : [VARCHAR]) - [null]
2020-06-10 18:12:08.502 TRACE 55751 --- [    Test worker] o.h.type.descriptor.sql.BasicExtractor   : extracted value ([col_6_0_] : [VARCHAR]) - [null]
2020-06-10 18:12:08.502 TRACE 55751 --- [    Test worker] o.h.type.descriptor.sql.BasicExtractor   : extracted value ([col_7_0_] : [VARCHAR]) - [oppilaitostyyppi_42#1]
2020-06-10 18:12:08.502 TRACE 55751 --- [    Test worker] o.h.type.descriptor.sql.BasicExtractor   : extracted value ([col_8_0_] : [VARCHAR]) - [null]
2020-06-10 18:12:08.502 TRACE 55751 --- [    Test worker] o.h.type.descriptor.sql.BasicExtractor   : extracted value ([col_9_0_] : [VARCHAR]) - [fi]
2020-06-10 18:12:08.502 TRACE 55751 --- [    Test worker] o.h.type.descriptor.sql.BasicExtractor   : extracted value ([col_10_0_] : [VARCHAR]) - [node23 foo bar]
2020-06-10 18:12:08.502 TRACE 55751 --- [    Test worker] o.h.type.descriptor.sql.BasicExtractor   : extracted value ([col_11_0_] : [VARCHAR]) - [organisaatiotyyppi_04]
2020-06-10 18:12:08.502 TRACE 55751 --- [    Test worker] o.h.type.descriptor.sql.BasicExtractor   : extracted value ([col_12_0_] : [VARCHAR]) - [null]
2020-06-10 18:12:08.502 TRACE 55751 --- [    Test worker] o.h.type.descriptor.sql.BasicExtractor   : extracted value ([col_13_0_] : [VARCHAR]) - [Helsinki]
2020-06-10 18:12:08.502 TRACE 55751 --- [    Test worker] o.h.type.descriptor.sql.BasicExtractor   : extracted value ([col_0_0_] : [VARCHAR]) - [1.2.2004.5]
2020-06-10 18:12:08.502 TRACE 55751 --- [    Test worker] o.h.type.descriptor.sql.BasicExtractor   : extracted value ([col_1_0_] : [DATE]) - [2006-06-29]
2020-06-10 18:12:08.502 TRACE 55751 --- [    Test worker] o.h.type.descriptor.sql.BasicExtractor   : extracted value ([col_2_0_] : [DATE]) - [null]
2020-06-10 18:12:08.502 TRACE 55751 --- [    Test worker] o.h.type.descriptor.sql.BasicExtractor   : extracted value ([col_3_0_] : [VARCHAR]) - [|1.2.246.562.24.00000000001|]
2020-06-10 18:12:08.502 TRACE 55751 --- [    Test worker] o.h.type.descriptor.sql.BasicExtractor   : extracted value ([col_4_0_] : [VARCHAR]) - [1492449-0]
2020-06-10 18:12:08.502 TRACE 55751 --- [    Test worker] o.h.type.descriptor.sql.BasicExtractor   : extracted value ([col_5_0_] : [VARCHAR]) - [null]
2020-06-10 18:12:08.503 TRACE 55751 --- [    Test worker] o.h.type.descriptor.sql.BasicExtractor   : extracted value ([col_6_0_] : [VARCHAR]) - [null]
2020-06-10 18:12:08.503 TRACE 55751 --- [    Test worker] o.h.type.descriptor.sql.BasicExtractor   : extracted value ([col_7_0_] : [VARCHAR]) - [null]
2020-06-10 18:12:08.503 TRACE 55751 --- [    Test worker] o.h.type.descriptor.sql.BasicExtractor   : extracted value ([col_8_0_] : [VARCHAR]) - [null]
2020-06-10 18:12:08.503 TRACE 55751 --- [    Test worker] o.h.type.descriptor.sql.BasicExtractor   : extracted value ([col_9_0_] : [VARCHAR]) - [fi]
2020-06-10 18:12:08.503 TRACE 55751 --- [    Test worker] o.h.type.descriptor.sql.BasicExtractor   : extracted value ([col_10_0_] : [VARCHAR]) - [root2 test2 koulutustoimija2]
2020-06-10 18:12:08.503 TRACE 55751 --- [    Test worker] o.h.type.descriptor.sql.BasicExtractor   : extracted value ([col_11_0_] : [VARCHAR]) - [organisaatiotyyppi_01]
2020-06-10 18:12:08.503 TRACE 55751 --- [    Test worker] o.h.type.descriptor.sql.BasicExtractor   : extracted value ([col_12_0_] : [VARCHAR]) - [null]
2020-06-10 18:12:08.503 TRACE 55751 --- [    Test worker] o.h.type.descriptor.sql.BasicExtractor   : extracted value ([col_13_0_] : [VARCHAR]) - [Helsinki]
2020-06-10 18:12:08.503 TRACE 55751 --- [    Test worker] o.h.type.descriptor.sql.BasicExtractor   : extracted value ([col_0_0_] : [VARCHAR]) - [1.2.2005.5]
2020-06-10 18:12:08.503 TRACE 55751 --- [    Test worker] o.h.type.descriptor.sql.BasicExtractor   : extracted value ([col_1_0_] : [DATE]) - [1960-02-16]
2020-06-10 18:12:08.503 TRACE 55751 --- [    Test worker] o.h.type.descriptor.sql.BasicExtractor   : extracted value ([col_2_0_] : [DATE]) - [null]
2020-06-10 18:12:08.503 TRACE 55751 --- [    Test worker] o.h.type.descriptor.sql.BasicExtractor   : extracted value ([col_3_0_] : [VARCHAR]) - [|1.2.246.562.24.00000000001|1.2.2004.1|1.2.2004.3|1.2.2004.4|]
2020-06-10 18:12:08.503 TRACE 55751 --- [    Test worker] o.h.type.descriptor.sql.BasicExtractor   : extracted value ([col_4_0_] : [VARCHAR]) - [1730639-9]
2020-06-10 18:12:08.503 TRACE 55751 --- [    Test worker] o.h.type.descriptor.sql.BasicExtractor   : extracted value ([col_5_0_] : [VARCHAR]) - [null]
2020-06-10 18:12:08.503 TRACE 55751 --- [    Test worker] o.h.type.descriptor.sql.BasicExtractor   : extracted value ([col_6_0_] : [VARCHAR]) - [null]
2020-06-10 18:12:08.503 TRACE 55751 --- [    Test worker] o.h.type.descriptor.sql.BasicExtractor   : extracted value ([col_7_0_] : [VARCHAR]) - [oppilaitostyyppi_42#1]
2020-06-10 18:12:08.503 TRACE 55751 --- [    Test worker] o.h.type.descriptor.sql.BasicExtractor   : extracted value ([col_8_0_] : [VARCHAR]) - [null]
2020-06-10 18:12:08.503 TRACE 55751 --- [    Test worker] o.h.type.descriptor.sql.BasicExtractor   : extracted value ([col_9_0_] : [VARCHAR]) - [sv]
2020-06-10 18:12:08.503 TRACE 55751 --- [    Test worker] o.h.type.descriptor.sql.BasicExtractor   : extracted value ([col_10_0_] : [VARCHAR]) - [node231 foo bar]
2020-06-10 18:12:08.503 TRACE 55751 --- [    Test worker] o.h.type.descriptor.sql.BasicExtractor   : extracted value ([col_11_0_] : [VARCHAR]) - [organisaatiotyyppi_06]
2020-06-10 18:12:08.503 TRACE 55751 --- [    Test worker] o.h.type.descriptor.sql.BasicExtractor   : extracted value ([col_12_0_] : [VARCHAR]) - [null]
2020-06-10 18:12:08.503 TRACE 55751 --- [    Test worker] o.h.type.descriptor.sql.BasicExtractor   : extracted value ([col_13_0_] : [VARCHAR]) - [Helsinki]
2020-06-10 18:12:08.503 TRACE 55751 --- [    Test worker] o.h.type.descriptor.sql.BasicExtractor   : extracted value ([col_0_0_] : [VARCHAR]) - [1.2.8000.1]
2020-06-10 18:12:08.503 TRACE 55751 --- [    Test worker] o.h.type.descriptor.sql.BasicExtractor   : extracted value ([col_1_0_] : [DATE]) - [null]
2020-06-10 18:12:08.503 TRACE 55751 --- [    Test worker] o.h.type.descriptor.sql.BasicExtractor   : extracted value ([col_2_0_] : [DATE]) - [null]
2020-06-10 18:12:08.503 TRACE 55751 --- [    Test worker] o.h.type.descriptor.sql.BasicExtractor   : extracted value ([col_3_0_] : [VARCHAR]) - [|1.2.246.562.24.00000000001|]
2020-06-10 18:12:08.503 TRACE 55751 --- [    Test worker] o.h.type.descriptor.sql.BasicExtractor   : extracted value ([col_4_0_] : [VARCHAR]) - [1234569-5]
2020-06-10 18:12:08.503 TRACE 55751 --- [    Test worker] o.h.type.descriptor.sql.BasicExtractor   : extracted value ([col_5_0_] : [VARCHAR]) - [null]
2020-06-10 18:12:08.503 TRACE 55751 --- [    Test worker] o.h.type.descriptor.sql.BasicExtractor   : extracted value ([col_6_0_] : [VARCHAR]) - [null]
2020-06-10 18:12:08.503 TRACE 55751 --- [    Test worker] o.h.type.descriptor.sql.BasicExtractor   : extracted value ([col_7_0_] : [VARCHAR]) - [oppilaitostyyppi_42#1]
2020-06-10 18:12:08.503 TRACE 55751 --- [    Test worker] o.h.type.descriptor.sql.BasicExtractor   : extracted value ([col_8_0_] : [VARCHAR]) - [null]
2020-06-10 18:12:08.503 TRACE 55751 --- [    Test worker] o.h.type.descriptor.sql.BasicExtractor   : extracted value ([col_9_0_] : [VARCHAR]) - [fi]
2020-06-10 18:12:08.503 TRACE 55751 --- [    Test worker] o.h.type.descriptor.sql.BasicExtractor   : extracted value ([col_10_0_] : [VARCHAR]) - [node23 foo bar]
2020-06-10 18:12:08.503 TRACE 55751 --- [    Test worker] o.h.type.descriptor.sql.BasicExtractor   : extracted value ([col_11_0_] : [VARCHAR]) - [organisaatiotyyppi_02]
2020-06-10 18:12:08.503 TRACE 55751 --- [    Test worker] o.h.type.descriptor.sql.BasicExtractor   : extracted value ([col_12_0_] : [VARCHAR]) - [oppilaitoksenopetuskieli_1#1]
2020-06-10 18:12:08.503 TRACE 55751 --- [    Test worker] o.h.type.descriptor.sql.BasicExtractor   : extracted value ([col_13_0_] : [VARCHAR]) - [Helsinki]
2020-06-10 18:12:08.503 TRACE 55751 --- [    Test worker] o.h.type.descriptor.sql.BasicExtractor   : extracted value ([col_0_0_] : [VARCHAR]) - [1.2.8000.1]
2020-06-10 18:12:08.503 TRACE 55751 --- [    Test worker] o.h.type.descriptor.sql.BasicExtractor   : extracted value ([col_1_0_] : [DATE]) - [null]
2020-06-10 18:12:08.503 TRACE 55751 --- [    Test worker] o.h.type.descriptor.sql.BasicExtractor   : extracted value ([col_2_0_] : [DATE]) - [null]
2020-06-10 18:12:08.503 TRACE 55751 --- [    Test worker] o.h.type.descriptor.sql.BasicExtractor   : extracted value ([col_3_0_] : [VARCHAR]) - [|1.2.246.562.24.00000000001|]
2020-06-10 18:12:08.503 TRACE 55751 --- [    Test worker] o.h.type.descriptor.sql.BasicExtractor   : extracted value ([col_4_0_] : [VARCHAR]) - [1234569-5]
2020-06-10 18:12:08.503 TRACE 55751 --- [    Test worker] o.h.type.descriptor.sql.BasicExtractor   : extracted value ([col_5_0_] : [VARCHAR]) - [null]
2020-06-10 18:12:08.503 TRACE 55751 --- [    Test worker] o.h.type.descriptor.sql.BasicExtractor   : extracted value ([col_6_0_] : [VARCHAR]) - [null]
2020-06-10 18:12:08.503 TRACE 55751 --- [    Test worker] o.h.type.descriptor.sql.BasicExtractor   : extracted value ([col_7_0_] : [VARCHAR]) - [oppilaitostyyppi_42#1]
2020-06-10 18:12:08.503 TRACE 55751 --- [    Test worker] o.h.type.descriptor.sql.BasicExtractor   : extracted value ([col_8_0_] : [VARCHAR]) - [null]
2020-06-10 18:12:08.503 TRACE 55751 --- [    Test worker] o.h.type.descriptor.sql.BasicExtractor   : extracted value ([col_9_0_] : [VARCHAR]) - [fi]
2020-06-10 18:12:08.503 TRACE 55751 --- [    Test worker] o.h.type.descriptor.sql.BasicExtractor   : extracted value ([col_10_0_] : [VARCHAR]) - [node23 foo bar]
2020-06-10 18:12:08.503 TRACE 55751 --- [    Test worker] o.h.type.descriptor.sql.BasicExtractor   : extracted value ([col_11_0_] : [VARCHAR]) - [organisaatiotyyppi_02]
2020-06-10 18:12:08.503 TRACE 55751 --- [    Test worker] o.h.type.descriptor.sql.BasicExtractor   : extracted value ([col_12_0_] : [VARCHAR]) - [oppilaitoksenopetuskieli_2#1]
2020-06-10 18:12:08.503 TRACE 55751 --- [    Test worker] o.h.type.descriptor.sql.BasicExtractor   : extracted value ([col_13_0_] : [VARCHAR]) - [Helsinki]
2020-06-10 18:12:08.503 TRACE 55751 --- [    Test worker] o.h.type.descriptor.sql.BasicExtractor   : extracted value ([col_0_0_] : [VARCHAR]) - [1.2.8000.1]
2020-06-10 18:12:08.503 TRACE 55751 --- [    Test worker] o.h.type.descriptor.sql.BasicExtractor   : extracted value ([col_1_0_] : [DATE]) - [null]
2020-06-10 18:12:08.503 TRACE 55751 --- [    Test worker] o.h.type.descriptor.sql.BasicExtractor   : extracted value ([col_2_0_] : [DATE]) - [null]
2020-06-10 18:12:08.503 TRACE 55751 --- [    Test worker] o.h.type.descriptor.sql.BasicExtractor   : extracted value ([col_3_0_] : [VARCHAR]) - [|1.2.246.562.24.00000000001|]
2020-06-10 18:12:08.503 TRACE 55751 --- [    Test worker] o.h.type.descriptor.sql.BasicExtractor   : extracted value ([col_4_0_] : [VARCHAR]) - [1234569-5]
2020-06-10 18:12:08.503 TRACE 55751 --- [    Test worker] o.h.type.descriptor.sql.BasicExtractor   : extracted value ([col_5_0_] : [VARCHAR]) - [null]
2020-06-10 18:12:08.503 TRACE 55751 --- [    Test worker] o.h.type.descriptor.sql.BasicExtractor   : extracted value ([col_6_0_] : [VARCHAR]) - [null]
2020-06-10 18:12:08.503 TRACE 55751 --- [    Test worker] o.h.type.descriptor.sql.BasicExtractor   : extracted value ([col_7_0_] : [VARCHAR]) - [oppilaitostyyppi_42#1]
2020-06-10 18:12:08.503 TRACE 55751 --- [    Test worker] o.h.type.descriptor.sql.BasicExtractor   : extracted value ([col_8_0_] : [VARCHAR]) - [null]
2020-06-10 18:12:08.503 TRACE 55751 --- [    Test worker] o.h.type.descriptor.sql.BasicExtractor   : extracted value ([col_9_0_] : [VARCHAR]) - [fi]
2020-06-10 18:12:08.503 TRACE 55751 --- [    Test worker] o.h.type.descriptor.sql.BasicExtractor   : extracted value ([col_10_0_] : [VARCHAR]) - [node23 foo bar]
2020-06-10 18:12:08.503 TRACE 55751 --- [    Test worker] o.h.type.descriptor.sql.BasicExtractor   : extracted value ([col_11_0_] : [VARCHAR]) - [organisaatiotyyppi_02]
2020-06-10 18:12:08.503 TRACE 55751 --- [    Test worker] o.h.type.descriptor.sql.BasicExtractor   : extracted value ([col_12_0_] : [VARCHAR]) - [oppilaitoksenopetuskieli_3#1]
2020-06-10 18:12:08.504 TRACE 55751 --- [    Test worker] o.h.type.descriptor.sql.BasicExtractor   : extracted value ([col_13_0_] : [VARCHAR]) - [Helsinki]
2020-06-10 18:12:08.504 TRACE 55751 --- [    Test worker] o.h.type.descriptor.sql.BasicExtractor   : extracted value ([col_0_0_] : [VARCHAR]) - [1.2.8000.1]
2020-06-10 18:12:08.504 TRACE 55751 --- [    Test worker] o.h.type.descriptor.sql.BasicExtractor   : extracted value ([col_1_0_] : [DATE]) - [null]
2020-06-10 18:12:08.504 TRACE 55751 --- [    Test worker] o.h.type.descriptor.sql.BasicExtractor   : extracted value ([col_2_0_] : [DATE]) - [null]
2020-06-10 18:12:08.504 TRACE 55751 --- [    Test worker] o.h.type.descriptor.sql.BasicExtractor   : extracted value ([col_3_0_] : [VARCHAR]) - [|1.2.246.562.24.00000000001|]
2020-06-10 18:12:08.504 TRACE 55751 --- [    Test worker] o.h.type.descriptor.sql.BasicExtractor   : extracted value ([col_4_0_] : [VARCHAR]) - [1234569-5]
2020-06-10 18:12:08.504 TRACE 55751 --- [    Test worker] o.h.type.descriptor.sql.BasicExtractor   : extracted value ([col_5_0_] : [VARCHAR]) - [null]
2020-06-10 18:12:08.504 TRACE 55751 --- [    Test worker] o.h.type.descriptor.sql.BasicExtractor   : extracted value ([col_6_0_] : [VARCHAR]) - [null]
2020-06-10 18:12:08.504 TRACE 55751 --- [    Test worker] o.h.type.descriptor.sql.BasicExtractor   : extracted value ([col_7_0_] : [VARCHAR]) - [oppilaitostyyppi_42#1]
2020-06-10 18:12:08.504 TRACE 55751 --- [    Test worker] o.h.type.descriptor.sql.BasicExtractor   : extracted value ([col_8_0_] : [VARCHAR]) - [null]
2020-06-10 18:12:08.504 TRACE 55751 --- [    Test worker] o.h.type.descriptor.sql.BasicExtractor   : extracted value ([col_9_0_] : [VARCHAR]) - [fi]
2020-06-10 18:12:08.504 TRACE 55751 --- [    Test worker] o.h.type.descriptor.sql.BasicExtractor   : extracted value ([col_10_0_] : [VARCHAR]) - [node23 foo bar]
2020-06-10 18:12:08.504 TRACE 55751 --- [    Test worker] o.h.type.descriptor.sql.BasicExtractor   : extracted value ([col_11_0_] : [VARCHAR]) - [organisaatiotyyppi_07]
2020-06-10 18:12:08.504 TRACE 55751 --- [    Test worker] o.h.type.descriptor.sql.BasicExtractor   : extracted value ([col_12_0_] : [VARCHAR]) - [oppilaitoksenopetuskieli_1#1]
2020-06-10 18:12:08.504 TRACE 55751 --- [    Test worker] o.h.type.descriptor.sql.BasicExtractor   : extracted value ([col_13_0_] : [VARCHAR]) - [Helsinki]
2020-06-10 18:12:08.504 TRACE 55751 --- [    Test worker] o.h.type.descriptor.sql.BasicExtractor   : extracted value ([col_0_0_] : [VARCHAR]) - [1.2.8000.1]
2020-06-10 18:12:08.504 TRACE 55751 --- [    Test worker] o.h.type.descriptor.sql.BasicExtractor   : extracted value ([col_1_0_] : [DATE]) - [null]
2020-06-10 18:12:08.504 TRACE 55751 --- [    Test worker] o.h.type.descriptor.sql.BasicExtractor   : extracted value ([col_2_0_] : [DATE]) - [null]
2020-06-10 18:12:08.504 TRACE 55751 --- [    Test worker] o.h.type.descriptor.sql.BasicExtractor   : extracted value ([col_3_0_] : [VARCHAR]) - [|1.2.246.562.24.00000000001|]
2020-06-10 18:12:08.504 TRACE 55751 --- [    Test worker] o.h.type.descriptor.sql.BasicExtractor   : extracted value ([col_4_0_] : [VARCHAR]) - [1234569-5]
2020-06-10 18:12:08.504 TRACE 55751 --- [    Test worker] o.h.type.descriptor.sql.BasicExtractor   : extracted value ([col_5_0_] : [VARCHAR]) - [null]
2020-06-10 18:12:08.504 TRACE 55751 --- [    Test worker] o.h.type.descriptor.sql.BasicExtractor   : extracted value ([col_6_0_] : [VARCHAR]) - [null]
2020-06-10 18:12:08.504 TRACE 55751 --- [    Test worker] o.h.type.descriptor.sql.BasicExtractor   : extracted value ([col_7_0_] : [VARCHAR]) - [oppilaitostyyppi_42#1]
2020-06-10 18:12:08.504 TRACE 55751 --- [    Test worker] o.h.type.descriptor.sql.BasicExtractor   : extracted value ([col_8_0_] : [VARCHAR]) - [null]
2020-06-10 18:12:08.504 TRACE 55751 --- [    Test worker] o.h.type.descriptor.sql.BasicExtractor   : extracted value ([col_9_0_] : [VARCHAR]) - [fi]
2020-06-10 18:12:08.504 TRACE 55751 --- [    Test worker] o.h.type.descriptor.sql.BasicExtractor   : extracted value ([col_10_0_] : [VARCHAR]) - [node23 foo bar]
2020-06-10 18:12:08.504 TRACE 55751 --- [    Test worker] o.h.type.descriptor.sql.BasicExtractor   : extracted value ([col_11_0_] : [VARCHAR]) - [organisaatiotyyppi_07]
2020-06-10 18:12:08.504 TRACE 55751 --- [    Test worker] o.h.type.descriptor.sql.BasicExtractor   : extracted value ([col_12_0_] : [VARCHAR]) - [oppilaitoksenopetuskieli_2#1]
2020-06-10 18:12:08.504 TRACE 55751 --- [    Test worker] o.h.type.descriptor.sql.BasicExtractor   : extracted value ([col_13_0_] : [VARCHAR]) - [Helsinki]
2020-06-10 18:12:08.504 TRACE 55751 --- [    Test worker] o.h.type.descriptor.sql.BasicExtractor   : extracted value ([col_0_0_] : [VARCHAR]) - [1.2.8000.1]
2020-06-10 18:12:08.504 TRACE 55751 --- [    Test worker] o.h.type.descriptor.sql.BasicExtractor   : extracted value ([col_1_0_] : [DATE]) - [null]
2020-06-10 18:12:08.504 TRACE 55751 --- [    Test worker] o.h.type.descriptor.sql.BasicExtractor   : extracted value ([col_2_0_] : [DATE]) - [null]
2020-06-10 18:12:08.504 TRACE 55751 --- [    Test worker] o.h.type.descriptor.sql.BasicExtractor   : extracted value ([col_3_0_] : [VARCHAR]) - [|1.2.246.562.24.00000000001|]
2020-06-10 18:12:08.504 TRACE 55751 --- [    Test worker] o.h.type.descriptor.sql.BasicExtractor   : extracted value ([col_4_0_] : [VARCHAR]) - [1234569-5]
2020-06-10 18:12:08.504 TRACE 55751 --- [    Test worker] o.h.type.descriptor.sql.BasicExtractor   : extracted value ([col_5_0_] : [VARCHAR]) - [null]
2020-06-10 18:12:08.504 TRACE 55751 --- [    Test worker] o.h.type.descriptor.sql.BasicExtractor   : extracted value ([col_6_0_] : [VARCHAR]) - [null]
2020-06-10 18:12:08.504 TRACE 55751 --- [    Test worker] o.h.type.descriptor.sql.BasicExtractor   : extracted value ([col_7_0_] : [VARCHAR]) - [oppilaitostyyppi_42#1]
2020-06-10 18:12:08.504 TRACE 55751 --- [    Test worker] o.h.type.descriptor.sql.BasicExtractor   : extracted value ([col_8_0_] : [VARCHAR]) - [null]
2020-06-10 18:12:08.504 TRACE 55751 --- [    Test worker] o.h.type.descriptor.sql.BasicExtractor   : extracted value ([col_9_0_] : [VARCHAR]) - [fi]
2020-06-10 18:12:08.504 TRACE 55751 --- [    Test worker] o.h.type.descriptor.sql.BasicExtractor   : extracted value ([col_10_0_] : [VARCHAR]) - [node23 foo bar]
2020-06-10 18:12:08.504 TRACE 55751 --- [    Test worker] o.h.type.descriptor.sql.BasicExtractor   : extracted value ([col_11_0_] : [VARCHAR]) - [organisaatiotyyppi_07]
2020-06-10 18:12:08.504 TRACE 55751 --- [    Test worker] o.h.type.descriptor.sql.BasicExtractor   : extracted value ([col_12_0_] : [VARCHAR]) - [oppilaitoksenopetuskieli_3#1]
2020-06-10 18:12:08.504 TRACE 55751 --- [    Test worker] o.h.type.descriptor.sql.BasicExtractor   : extracted value ([col_13_0_] : [VARCHAR]) - [Helsinki]
Hibernate: 
    select
        organisaat0_.oid as col_0_0_,
        organisaat0_.alkupvm as col_1_0_,
        organisaat0_.lakkautuspvm as col_2_0_,
        organisaat0_.parentoidpath as col_3_0_,
        organisaat0_.ytunnus as col_4_0_,
        organisaat0_.virastotunnus as col_5_0_,
        organisaat0_.oppilaitoskoodi as col_6_0_,
        organisaat0_.oppilaitos_tyyppi as col_7_0_,
        organisaat0_.toimipistekoodi as col_8_0_,
        values3_.key as col_9_0_,
        values3_.value as col_10_0_,
        tyypit1_.tyypit as col_11_0_,
        kielet4_.kielet as col_12_0_,
        organisaat0_.kotipaikka as col_13_0_ 
    from
        organisaatio organisaat0_ 
    inner join
        organisaatio_tyypit tyypit1_ 
            on organisaat0_.id=tyypit1_.organisaatio_id 
    left outer join
        monikielinen_teksti monikielin2_ 
            on organisaat0_.nimi_mkt=monikielin2_.id 
    left outer join
        monikielinen_teksti_values values3_ 
            on monikielin2_.id=values3_.id 
    left outer join
        organisaatio_kielet kielet4_ 
            on organisaat0_.id=kielet4_.organisaatio_id 
    where
        (
            organisaat0_.lakkautuspvm is null 
            or organisaat0_.lakkautuspvm>=?
        ) 
        and organisaat0_.organisaatio_poistettu=? 
        and tyypit1_.tyypit<>? 
        and (
            organisaat0_.parentoidpath like ? escape '!' 
            or organisaat0_.parentoidpath like ? escape '!' 
            or organisaat0_.parentoidpath like ? escape '!'
        )
2020-06-10 18:12:08.511 TRACE 55751 --- [    Test worker] o.h.type.descriptor.sql.BasicBinder      : binding parameter [1] as [DATE] - [Wed Jun 10 18:12:08 EEST 2020]
2020-06-10 18:12:08.511 TRACE 55751 --- [    Test worker] o.h.type.descriptor.sql.BasicBinder      : binding parameter [2] as [BOOLEAN] - [false]
2020-06-10 18:12:08.511 TRACE 55751 --- [    Test worker] o.h.type.descriptor.sql.BasicBinder      : binding parameter [3] as [VARCHAR] - [Ryhma]
2020-06-10 18:12:08.511 TRACE 55751 --- [    Test worker] o.h.type.descriptor.sql.BasicBinder      : binding parameter [4] as [VARCHAR] - [|1.2.246.562.24.00000000001|1.2.2004.1|%]
2020-06-10 18:12:08.511 TRACE 55751 --- [    Test worker] o.h.type.descriptor.sql.BasicBinder      : binding parameter [5] as [VARCHAR] - [|1.2.246.562.24.00000000001|1.2.2004.5|%]
2020-06-10 18:12:08.511 TRACE 55751 --- [    Test worker] o.h.type.descriptor.sql.BasicBinder      : binding parameter [6] as [VARCHAR] - [|1.2.246.562.24.00000000001|1.2.8000.1|%]
2020-06-10 18:12:08.512 TRACE 55751 --- [    Test worker] o.h.type.descriptor.sql.BasicExtractor   : extracted value ([col_0_0_] : [VARCHAR]) - [1.2.2004.2]
2020-06-10 18:12:08.512 TRACE 55751 --- [    Test worker] o.h.type.descriptor.sql.BasicExtractor   : extracted value ([col_1_0_] : [DATE]) - [2013-06-29]
2020-06-10 18:12:08.512 TRACE 55751 --- [    Test worker] o.h.type.descriptor.sql.BasicExtractor   : extracted value ([col_2_0_] : [DATE]) - [null]
2020-06-10 18:12:08.512 TRACE 55751 --- [    Test worker] o.h.type.descriptor.sql.BasicExtractor   : extracted value ([col_3_0_] : [VARCHAR]) - [|1.2.246.562.24.00000000001|1.2.2004.1|]
2020-06-10 18:12:08.512 TRACE 55751 --- [    Test worker] o.h.type.descriptor.sql.BasicExtractor   : extracted value ([col_4_0_] : [VARCHAR]) - [1234567-2]
2020-06-10 18:12:08.512 TRACE 55751 --- [    Test worker] o.h.type.descriptor.sql.BasicExtractor   : extracted value ([col_5_0_] : [VARCHAR]) - [null]
2020-06-10 18:12:08.512 TRACE 55751 --- [    Test worker] o.h.type.descriptor.sql.BasicExtractor   : extracted value ([col_6_0_] : [VARCHAR]) - [null]
2020-06-10 18:12:08.512 TRACE 55751 --- [    Test worker] o.h.type.descriptor.sql.BasicExtractor   : extracted value ([col_7_0_] : [VARCHAR]) - [oppilaitostyyppi_41#1]
2020-06-10 18:12:08.512 TRACE 55751 --- [    Test worker] o.h.type.descriptor.sql.BasicExtractor   : extracted value ([col_8_0_] : [VARCHAR]) - [123451]
2020-06-10 18:12:08.512 TRACE 55751 --- [    Test worker] o.h.type.descriptor.sql.BasicExtractor   : extracted value ([col_9_0_] : [VARCHAR]) - [fi]
2020-06-10 18:12:08.512 TRACE 55751 --- [    Test worker] o.h.type.descriptor.sql.BasicExtractor   : extracted value ([col_10_0_] : [VARCHAR]) - [node1 asd]
2020-06-10 18:12:08.512 TRACE 55751 --- [    Test worker] o.h.type.descriptor.sql.BasicExtractor   : extracted value ([col_11_0_] : [VARCHAR]) - [organisaatiotyyppi_03]
2020-06-10 18:12:08.512 TRACE 55751 --- [    Test worker] o.h.type.descriptor.sql.BasicExtractor   : extracted value ([col_12_0_] : [VARCHAR]) - [null]
2020-06-10 18:12:08.512 TRACE 55751 --- [    Test worker] o.h.type.descriptor.sql.BasicExtractor   : extracted value ([col_13_0_] : [VARCHAR]) - [Helsinki]
2020-06-10 18:12:08.512 TRACE 55751 --- [    Test worker] o.h.type.descriptor.sql.BasicExtractor   : extracted value ([col_0_0_] : [VARCHAR]) - [1.2.2004.2]
2020-06-10 18:12:08.512 TRACE 55751 --- [    Test worker] o.h.type.descriptor.sql.BasicExtractor   : extracted value ([col_1_0_] : [DATE]) - [2013-06-29]
2020-06-10 18:12:08.512 TRACE 55751 --- [    Test worker] o.h.type.descriptor.sql.BasicExtractor   : extracted value ([col_2_0_] : [DATE]) - [null]
2020-06-10 18:12:08.512 TRACE 55751 --- [    Test worker] o.h.type.descriptor.sql.BasicExtractor   : extracted value ([col_3_0_] : [VARCHAR]) - [|1.2.246.562.24.00000000001|1.2.2004.1|]
2020-06-10 18:12:08.512 TRACE 55751 --- [    Test worker] o.h.type.descriptor.sql.BasicExtractor   : extracted value ([col_4_0_] : [VARCHAR]) - [1234567-2]
2020-06-10 18:12:08.512 TRACE 55751 --- [    Test worker] o.h.type.descriptor.sql.BasicExtractor   : extracted value ([col_5_0_] : [VARCHAR]) - [null]
2020-06-10 18:12:08.512 TRACE 55751 --- [    Test worker] o.h.type.descriptor.sql.BasicExtractor   : extracted value ([col_6_0_] : [VARCHAR]) - [null]
2020-06-10 18:12:08.512 TRACE 55751 --- [    Test worker] o.h.type.descriptor.sql.BasicExtractor   : extracted value ([col_7_0_] : [VARCHAR]) - [oppilaitostyyppi_41#1]
2020-06-10 18:12:08.512 TRACE 55751 --- [    Test worker] o.h.type.descriptor.sql.BasicExtractor   : extracted value ([col_8_0_] : [VARCHAR]) - [123451]
2020-06-10 18:12:08.512 TRACE 55751 --- [    Test worker] o.h.type.descriptor.sql.BasicExtractor   : extracted value ([col_9_0_] : [VARCHAR]) - [fi]
2020-06-10 18:12:08.512 TRACE 55751 --- [    Test worker] o.h.type.descriptor.sql.BasicExtractor   : extracted value ([col_10_0_] : [VARCHAR]) - [node1 asd]
2020-06-10 18:12:08.512 TRACE 55751 --- [    Test worker] o.h.type.descriptor.sql.BasicExtractor   : extracted value ([col_11_0_] : [VARCHAR]) - [organisaatiotyyppi_02]
2020-06-10 18:12:08.512 TRACE 55751 --- [    Test worker] o.h.type.descriptor.sql.BasicExtractor   : extracted value ([col_12_0_] : [VARCHAR]) - [null]
2020-06-10 18:12:08.512 TRACE 55751 --- [    Test worker] o.h.type.descriptor.sql.BasicExtractor   : extracted value ([col_13_0_] : [VARCHAR]) - [Helsinki]
2020-06-10 18:12:08.512 TRACE 55751 --- [    Test worker] o.h.type.descriptor.sql.BasicExtractor   : extracted value ([col_0_0_] : [VARCHAR]) - [1.2.2004.2]
2020-06-10 18:12:08.512 TRACE 55751 --- [    Test worker] o.h.type.descriptor.sql.BasicExtractor   : extracted value ([col_1_0_] : [DATE]) - [2013-06-29]
2020-06-10 18:12:08.512 TRACE 55751 --- [    Test worker] o.h.type.descriptor.sql.BasicExtractor   : extracted value ([col_2_0_] : [DATE]) - [null]
2020-06-10 18:12:08.512 TRACE 55751 --- [    Test worker] o.h.type.descriptor.sql.BasicExtractor   : extracted value ([col_3_0_] : [VARCHAR]) - [|1.2.246.562.24.00000000001|1.2.2004.1|]
2020-06-10 18:12:08.512 TRACE 55751 --- [    Test worker] o.h.type.descriptor.sql.BasicExtractor   : extracted value ([col_4_0_] : [VARCHAR]) - [1234567-2]
2020-06-10 18:12:08.512 TRACE 55751 --- [    Test worker] o.h.type.descriptor.sql.BasicExtractor   : extracted value ([col_5_0_] : [VARCHAR]) - [null]
2020-06-10 18:12:08.512 TRACE 55751 --- [    Test worker] o.h.type.descriptor.sql.BasicExtractor   : extracted value ([col_6_0_] : [VARCHAR]) - [null]
2020-06-10 18:12:08.512 TRACE 55751 --- [    Test worker] o.h.type.descriptor.sql.BasicExtractor   : extracted value ([col_7_0_] : [VARCHAR]) - [oppilaitostyyppi_41#1]
2020-06-10 18:12:08.512 TRACE 55751 --- [    Test worker] o.h.type.descriptor.sql.BasicExtractor   : extracted value ([col_8_0_] : [VARCHAR]) - [123451]
2020-06-10 18:12:08.512 TRACE 55751 --- [    Test worker] o.h.type.descriptor.sql.BasicExtractor   : extracted value ([col_9_0_] : [VARCHAR]) - [fi]
2020-06-10 18:12:08.513 TRACE 55751 --- [    Test worker] o.h.type.descriptor.sql.BasicExtractor   : extracted value ([col_10_0_] : [VARCHAR]) - [node1 asd]
2020-06-10 18:12:08.513 TRACE 55751 --- [    Test worker] o.h.type.descriptor.sql.BasicExtractor   : extracted value ([col_11_0_] : [VARCHAR]) - [organisaatiotyyppi_04]
2020-06-10 18:12:08.513 TRACE 55751 --- [    Test worker] o.h.type.descriptor.sql.BasicExtractor   : extracted value ([col_12_0_] : [VARCHAR]) - [null]
2020-06-10 18:12:08.513 TRACE 55751 --- [    Test worker] o.h.type.descriptor.sql.BasicExtractor   : extracted value ([col_13_0_] : [VARCHAR]) - [Helsinki]
2020-06-10 18:12:08.513 TRACE 55751 --- [    Test worker] o.h.type.descriptor.sql.BasicExtractor   : extracted value ([col_0_0_] : [VARCHAR]) - [1.2.2004.3]
2020-06-10 18:12:08.513 TRACE 55751 --- [    Test worker] o.h.type.descriptor.sql.BasicExtractor   : extracted value ([col_1_0_] : [DATE]) - [null]
2020-06-10 18:12:08.513 TRACE 55751 --- [    Test worker] o.h.type.descriptor.sql.BasicExtractor   : extracted value ([col_2_0_] : [DATE]) - [null]
2020-06-10 18:12:08.513 TRACE 55751 --- [    Test worker] o.h.type.descriptor.sql.BasicExtractor   : extracted value ([col_3_0_] : [VARCHAR]) - [|1.2.246.562.24.00000000001|1.2.2004.1|]
2020-06-10 18:12:08.513 TRACE 55751 --- [    Test worker] o.h.type.descriptor.sql.BasicExtractor   : extracted value ([col_4_0_] : [VARCHAR]) - [1234567-3]
2020-06-10 18:12:08.513 TRACE 55751 --- [    Test worker] o.h.type.descriptor.sql.BasicExtractor   : extracted value ([col_5_0_] : [VARCHAR]) - [null]
2020-06-10 18:12:08.513 TRACE 55751 --- [    Test worker] o.h.type.descriptor.sql.BasicExtractor   : extracted value ([col_6_0_] : [VARCHAR]) - [null]
2020-06-10 18:12:08.513 TRACE 55751 --- [    Test worker] o.h.type.descriptor.sql.BasicExtractor   : extracted value ([col_7_0_] : [VARCHAR]) - [oppilaitostyyppi_42#1]
2020-06-10 18:12:08.513 TRACE 55751 --- [    Test worker] o.h.type.descriptor.sql.BasicExtractor   : extracted value ([col_8_0_] : [VARCHAR]) - [123452]
2020-06-10 18:12:08.513 TRACE 55751 --- [    Test worker] o.h.type.descriptor.sql.BasicExtractor   : extracted value ([col_9_0_] : [VARCHAR]) - [fi]
2020-06-10 18:12:08.513 TRACE 55751 --- [    Test worker] o.h.type.descriptor.sql.BasicExtractor   : extracted value ([col_10_0_] : [VARCHAR]) - [node2 foo]
2020-06-10 18:12:08.513 TRACE 55751 --- [    Test worker] o.h.type.descriptor.sql.BasicExtractor   : extracted value ([col_11_0_] : [VARCHAR]) - [organisaatiotyyppi_03]
2020-06-10 18:12:08.513 TRACE 55751 --- [    Test worker] o.h.type.descriptor.sql.BasicExtractor   : extracted value ([col_12_0_] : [VARCHAR]) - [null]
2020-06-10 18:12:08.513 TRACE 55751 --- [    Test worker] o.h.type.descriptor.sql.BasicExtractor   : extracted value ([col_13_0_] : [VARCHAR]) - [Helsinki]
2020-06-10 18:12:08.513 TRACE 55751 --- [    Test worker] o.h.type.descriptor.sql.BasicExtractor   : extracted value ([col_0_0_] : [VARCHAR]) - [1.2.2004.3]
2020-06-10 18:12:08.513 TRACE 55751 --- [    Test worker] o.h.type.descriptor.sql.BasicExtractor   : extracted value ([col_1_0_] : [DATE]) - [null]
2020-06-10 18:12:08.513 TRACE 55751 --- [    Test worker] o.h.type.descriptor.sql.BasicExtractor   : extracted value ([col_2_0_] : [DATE]) - [null]
2020-06-10 18:12:08.513 TRACE 55751 --- [    Test worker] o.h.type.descriptor.sql.BasicExtractor   : extracted value ([col_3_0_] : [VARCHAR]) - [|1.2.246.562.24.00000000001|1.2.2004.1|]
2020-06-10 18:12:08.513 TRACE 55751 --- [    Test worker] o.h.type.descriptor.sql.BasicExtractor   : extracted value ([col_4_0_] : [VARCHAR]) - [1234567-3]
2020-06-10 18:12:08.513 TRACE 55751 --- [    Test worker] o.h.type.descriptor.sql.BasicExtractor   : extracted value ([col_5_0_] : [VARCHAR]) - [null]
2020-06-10 18:12:08.513 TRACE 55751 --- [    Test worker] o.h.type.descriptor.sql.BasicExtractor   : extracted value ([col_6_0_] : [VARCHAR]) - [null]
2020-06-10 18:12:08.513 TRACE 55751 --- [    Test worker] o.h.type.descriptor.sql.BasicExtractor   : extracted value ([col_7_0_] : [VARCHAR]) - [oppilaitostyyppi_42#1]
2020-06-10 18:12:08.513 TRACE 55751 --- [    Test worker] o.h.type.descriptor.sql.BasicExtractor   : extracted value ([col_8_0_] : [VARCHAR]) - [123452]
2020-06-10 18:12:08.513 TRACE 55751 --- [    Test worker] o.h.type.descriptor.sql.BasicExtractor   : extracted value ([col_9_0_] : [VARCHAR]) - [fi]
2020-06-10 18:12:08.513 TRACE 55751 --- [    Test worker] o.h.type.descriptor.sql.BasicExtractor   : extracted value ([col_10_0_] : [VARCHAR]) - [node2 foo]
2020-06-10 18:12:08.513 TRACE 55751 --- [    Test worker] o.h.type.descriptor.sql.BasicExtractor   : extracted value ([col_11_0_] : [VARCHAR]) - [organisaatiotyyppi_02]
2020-06-10 18:12:08.513 TRACE 55751 --- [    Test worker] o.h.type.descriptor.sql.BasicExtractor   : extracted value ([col_12_0_] : [VARCHAR]) - [null]
2020-06-10 18:12:08.513 TRACE 55751 --- [    Test worker] o.h.type.descriptor.sql.BasicExtractor   : extracted value ([col_13_0_] : [VARCHAR]) - [Helsinki]
2020-06-10 18:12:08.513 TRACE 55751 --- [    Test worker] o.h.type.descriptor.sql.BasicExtractor   : extracted value ([col_0_0_] : [VARCHAR]) - [1.2.2004.3]
2020-06-10 18:12:08.513 TRACE 55751 --- [    Test worker] o.h.type.descriptor.sql.BasicExtractor   : extracted value ([col_1_0_] : [DATE]) - [null]
2020-06-10 18:12:08.513 TRACE 55751 --- [    Test worker] o.h.type.descriptor.sql.BasicExtractor   : extracted value ([col_2_0_] : [DATE]) - [null]
2020-06-10 18:12:08.513 TRACE 55751 --- [    Test worker] o.h.type.descriptor.sql.BasicExtractor   : extracted value ([col_3_0_] : [VARCHAR]) - [|1.2.246.562.24.00000000001|1.2.2004.1|]
2020-06-10 18:12:08.513 TRACE 55751 --- [    Test worker] o.h.type.descriptor.sql.BasicExtractor   : extracted value ([col_4_0_] : [VARCHAR]) - [1234567-3]
2020-06-10 18:12:08.513 TRACE 55751 --- [    Test worker] o.h.type.descriptor.sql.BasicExtractor   : extracted value ([col_5_0_] : [VARCHAR]) - [null]
2020-06-10 18:12:08.513 TRACE 55751 --- [    Test worker] o.h.type.descriptor.sql.BasicExtractor   : extracted value ([col_6_0_] : [VARCHAR]) - [null]
[...]
    from
        organisaatio_meta_data_yhteystiedot yhteystied0_ 
    inner join
        yhteystieto yhteystiet1_ 
            on yhteystied0_.yhteystiedot_id=yhteystiet1_.id 
    left outer join
        organisaatio organisaat2_ 
            on yhteystiet1_.organisaatio_id=organisaat2_.id 
    where
        yhteystied0_.organisaatio_meta_data_id=?
2020-06-10 18:12:09.488 TRACE 55751 --- [    Test worker] o.h.type.descriptor.sql.BasicBinder      : binding parameter [1] as [BIGINT] - [2]
2020-06-10 18:12:09.488 TRACE 55751 --- [    Test worker] o.h.type.descriptor.sql.BasicExtractor   : extracted value ([id2_25_0_] : [BIGINT]) - [1005]
2020-06-10 18:12:09.488 TRACE 55751 --- [    Test worker] o.h.type.descriptor.sql.BasicExtractor   : extracted value ([id1_5_1_] : [BIGINT]) - [null]
2020-06-10 18:12:09.488 TRACE 55751 --- [    Test worker] o.h.type.descriptor.sql.BasicExtractor   : extracted value ([dtype1_25_0_] : [VARCHAR]) - [Osoite]
2020-06-10 18:12:09.488 TRACE 55751 --- [    Test worker] o.h.type.descriptor.sql.BasicExtractor   : extracted value ([version3_25_0_] : [BIGINT]) - [1]
2020-06-10 18:12:09.488 TRACE 55751 --- [    Test worker] o.h.type.descriptor.sql.BasicExtractor   : extracted value ([kieli4_25_0_] : [VARCHAR]) - [kieli_en#1]
2020-06-10 18:12:09.488 TRACE 55751 --- [    Test worker] o.h.type.descriptor.sql.BasicExtractor   : extracted value ([organis21_25_0_] : [BIGINT]) - [null]
2020-06-10 18:12:09.488 TRACE 55751 --- [    Test worker] o.h.type.descriptor.sql.BasicExtractor   : extracted value ([yhteysti5_25_0_] : [VARCHAR]) - [1.2.2004.9]
2020-06-10 18:12:09.488 TRACE 55751 --- [    Test worker] o.h.type.descriptor.sql.BasicExtractor   : extracted value ([coordina7_25_0_] : [VARCHAR]) - [null]
2020-06-10 18:12:09.488 TRACE 55751 --- [    Test worker] o.h.type.descriptor.sql.BasicExtractor   : extracted value ([extrariv8_25_0_] : [VARCHAR]) - [null]
2020-06-10 18:12:09.488 TRACE 55751 --- [    Test worker] o.h.type.descriptor.sql.BasicExtractor   : extracted value ([lat9_25_0_] : [DOUBLE]) - [null]
2020-06-10 18:12:09.488 TRACE 55751 --- [    Test worker] o.h.type.descriptor.sql.BasicExtractor   : extracted value ([lng10_25_0_] : [DOUBLE]) - [null]
2020-06-10 18:12:09.488 TRACE 55751 --- [    Test worker] o.h.type.descriptor.sql.BasicExtractor   : extracted value ([maa11_25_0_] : [VARCHAR]) - [null]
2020-06-10 18:12:09.488 TRACE 55751 --- [    Test worker] o.h.type.descriptor.sql.BasicExtractor   : extracted value ([osavalt12_25_0_] : [VARCHAR]) - [null]
2020-06-10 18:12:09.488 TRACE 55751 --- [    Test worker] o.h.type.descriptor.sql.BasicExtractor   : extracted value ([osoite13_25_0_] : [VARCHAR]) - [Hassuttimenkatu 2, 10000 Juupajoki, Finland]
2020-06-10 18:12:09.488 TRACE 55751 --- [    Test worker] o.h.type.descriptor.sql.BasicExtractor   : extracted value ([osoite_14_25_0_] : [VARCHAR]) - [kaynti]
2020-06-10 18:12:09.488 TRACE 55751 --- [    Test worker] o.h.type.descriptor.sql.BasicExtractor   : extracted value ([postinu15_25_0_] : [VARCHAR]) - [null]
2020-06-10 18:12:09.488 TRACE 55751 --- [    Test worker] o.h.type.descriptor.sql.BasicExtractor   : extracted value ([postito16_25_0_] : [VARCHAR]) - [null]
2020-06-10 18:12:09.488 TRACE 55751 --- [    Test worker] o.h.type.descriptor.sql.BasicExtractor   : extracted value ([ytjpaiv17_25_0_] : [DATE]) - [null]
2020-06-10 18:12:09.488 TRACE 55751 --- [    Test worker] o.h.type.descriptor.sql.BasicExtractor   : extracted value ([organisa1_18_2_] : [BIGINT]) - [2]
2020-06-10 18:12:09.489 TRACE 55751 --- [    Test worker] o.h.type.descriptor.sql.BasicExtractor   : extracted value ([yhteysti2_18_2_] : [BIGINT]) - [1005]
2020-06-10 18:12:09.489 TRACE 55751 --- [    Test worker] o.h.type.descriptor.sql.BasicExtractor   : extracted value ([id2_25_0_] : [BIGINT]) - [1006]
2020-06-10 18:12:09.489 TRACE 55751 --- [    Test worker] o.h.type.descriptor.sql.BasicExtractor   : extracted value ([id1_5_1_] : [BIGINT]) - [null]
2020-06-10 18:12:09.489 TRACE 55751 --- [    Test worker] o.h.type.descriptor.sql.BasicExtractor   : extracted value ([dtype1_25_0_] : [VARCHAR]) - [Osoite]
2020-06-10 18:12:09.489 TRACE 55751 --- [    Test worker] o.h.type.descriptor.sql.BasicExtractor   : extracted value ([version3_25_0_] : [BIGINT]) - [1]
2020-06-10 18:12:09.489 TRACE 55751 --- [    Test worker] o.h.type.descriptor.sql.BasicExtractor   : extracted value ([kieli4_25_0_] : [VARCHAR]) - [kieli_en#1]
2020-06-10 18:12:09.489 TRACE 55751 --- [    Test worker] o.h.type.descriptor.sql.BasicExtractor   : extracted value ([organis21_25_0_] : [BIGINT]) - [null]
2020-06-10 18:12:09.489 TRACE 55751 --- [    Test worker] o.h.type.descriptor.sql.BasicExtractor   : extracted value ([yhteysti5_25_0_] : [VARCHAR]) - [1.2.2004.10]
2020-06-10 18:12:09.489 TRACE 55751 --- [    Test worker] o.h.type.descriptor.sql.BasicExtractor   : extracted value ([coordina7_25_0_] : [VARCHAR]) - [null]
2020-06-10 18:12:09.489 TRACE 55751 --- [    Test worker] o.h.type.descriptor.sql.BasicExtractor   : extracted value ([extrariv8_25_0_] : [VARCHAR]) - [null]
2020-06-10 18:12:09.489 TRACE 55751 --- [    Test worker] o.h.type.descriptor.sql.BasicExtractor   : extracted value ([lat9_25_0_] : [DOUBLE]) - [null]
2020-06-10 18:12:09.489 TRACE 55751 --- [    Test worker] o.h.type.descriptor.sql.BasicExtractor   : extracted value ([lng10_25_0_] : [DOUBLE]) - [null]
2020-06-10 18:12:09.489 TRACE 55751 --- [    Test worker] o.h.type.descriptor.sql.BasicExtractor   : extracted value ([maa11_25_0_] : [VARCHAR]) - [null]
2020-06-10 18:12:09.489 TRACE 55751 --- [    Test worker] o.h.type.descriptor.sql.BasicExtractor   : extracted value ([osavalt12_25_0_] : [VARCHAR]) - [null]
2020-06-10 18:12:09.489 TRACE 55751 --- [    Test worker] o.h.type.descriptor.sql.BasicExtractor   : extracted value ([osoite13_25_0_] : [VARCHAR]) - [Hassuttimenkatu 2, 10000 Juupajoki, Finland]
2020-06-10 18:12:09.489 TRACE 55751 --- [    Test worker] o.h.type.descriptor.sql.BasicExtractor   : extracted value ([osoite_14_25_0_] : [VARCHAR]) - [posti]
2020-06-10 18:12:09.489 TRACE 55751 --- [    Test worker] o.h.type.descriptor.sql.BasicExtractor   : extracted value ([postinu15_25_0_] : [VARCHAR]) - [null]
2020-06-10 18:12:09.489 TRACE 55751 --- [    Test worker] o.h.type.descriptor.sql.BasicExtractor   : extracted value ([postito16_25_0_] : [VARCHAR]) - [null]
2020-06-10 18:12:09.489 TRACE 55751 --- [    Test worker] o.h.type.descriptor.sql.BasicExtractor   : extracted value ([ytjpaiv17_25_0_] : [DATE]) - [null]
2020-06-10 18:12:09.489 TRACE 55751 --- [    Test worker] o.h.type.descriptor.sql.BasicExtractor   : extracted value ([organisa1_18_2_] : [BIGINT]) - [2]
2020-06-10 18:12:09.489 TRACE 55751 --- [    Test worker] o.h.type.descriptor.sql.BasicExtractor   : extracted value ([yhteysti2_18_2_] : [BIGINT]) - [1006]
Hibernate: 
    select
        values0_.id as id1_3_0_,
        values0_.value as value2_3_0_,
        values0_.key as key3_0_ 
    from
        monikielinen_teksti_values values0_ 
    where
        values0_.id=?
2020-06-10 18:12:09.489 TRACE 55751 --- [    Test worker] o.h.type.descriptor.sql.BasicBinder      : binding parameter [1] as [BIGINT] - [1000]
2020-06-10 18:12:09.489 TRACE 55751 --- [    Test worker] o.h.type.descriptor.sql.BasicExtractor   : extracted value ([id1_3_0_] : [BIGINT]) - [1000]
2020-06-10 18:12:09.489 TRACE 55751 --- [    Test worker] o.h.type.descriptor.sql.BasicExtractor   : extracted value ([value2_3_0_] : [VARCHAR]) - [Hakutoimiston nimi EN]
2020-06-10 18:12:09.490 TRACE 55751 --- [    Test worker] o.h.type.descriptor.sql.BasicExtractor   : extracted value ([key3_0_] : [VARCHAR]) - [kieli_en#1]
2020-06-10 18:12:09.490 TRACE 55751 --- [    Test worker] o.h.type.descriptor.sql.BasicExtractor   : extracted value ([id1_3_0_] : [BIGINT]) - [1000]
2020-06-10 18:12:09.490 TRACE 55751 --- [    Test worker] o.h.type.descriptor.sql.BasicExtractor   : extracted value ([value2_3_0_] : [VARCHAR]) - [Hakutoimiston nimi FI]
2020-06-10 18:12:09.490 TRACE 55751 --- [    Test worker] o.h.type.descriptor.sql.BasicExtractor   : extracted value ([key3_0_] : [VARCHAR]) - [kieli_fi#1]
Hibernate: 
    select
        organisaat0_.id as id1_5_,
        organisaat0_.version as version2_5_,
        organisaat0_.alkupvm as alkupvm3_5_,
        organisaat0_.domainnimi as domainni4_5_,
        organisaat0_.kotipaikka as kotipaik5_5_,
        organisaat0_.kuvaus_mkt as kuvaus_28_5_,
        organisaat0_.lakkautuspvm as lakkautu6_5_,
        organisaat0_.maa as maa7_5_,
        organisaat0_.metadata_id as metadat29_5_,
        organisaat0_.nimi_mkt as nimi_mk30_5_,
        organisaat0_.nimihaku as nimihaku8_5_,
        organisaat0_.oid as oid9_5_,
        organisaat0_.opetuspisteenjarjnro as opetusp10_5_,
        organisaat0_.oppilaitoskoodi as oppilai11_5_,
        organisaat0_.oppilaitos_tyyppi as oppilai12_5_,
        organisaat0_.organisaatio_poistettu as organis13_5_,
        organisaat0_.paivittaja as paivitt14_5_,
        organisaat0_.paivityspvm as paivity15_5_,
        organisaat0_.parentidpath as parenti16_5_,
        organisaat0_.parentoidpath as parento17_5_,
        organisaat0_.piilotettu as piilote18_5_,
        organisaat0_.tarkastus_pvm as tarkast19_5_,
        organisaat0_.toimipistekoodi as toimipi20_5_,
        organisaat0_.tuontipvm as tuontip21_5_,
        organisaat0_.varhaiskasvatuksen_toimipaikka_tiedot_id as varhais31_5_,
        organisaat0_.virastotunnus as virasto22_5_,
        organisaat0_.yhteishaunkoulukoodi as yhteish23_5_,
        organisaat0_.yritysmuoto as yritysm24_5_,
        organisaat0_.ytj_kieli as ytj_kie25_5_,
        organisaat0_.ytjpaivityspvm as ytjpaiv26_5_,
        organisaat0_.ytunnus as ytunnus27_5_ 
    from
        organisaatio organisaat0_ 
    where
        organisaat0_.oid=?
2020-06-10 18:12:09.495 TRACE 55751 --- [    Test worker] o.h.type.descriptor.sql.BasicBinder      : binding parameter [1] as [VARCHAR] - [does_not_exist]
Hibernate: 
    select
        organisaat0_.id as id1_5_,
        organisaat0_.version as version2_5_,
        organisaat0_.alkupvm as alkupvm3_5_,
        organisaat0_.domainnimi as domainni4_5_,
        organisaat0_.kotipaikka as kotipaik5_5_,
        organisaat0_.kuvaus_mkt as kuvaus_28_5_,
        organisaat0_.lakkautuspvm as lakkautu6_5_,
        organisaat0_.maa as maa7_5_,
        organisaat0_.metadata_id as metadat29_5_,
        organisaat0_.nimi_mkt as nimi_mk30_5_,
        organisaat0_.nimihaku as nimihaku8_5_,
        organisaat0_.oid as oid9_5_,
        organisaat0_.opetuspisteenjarjnro as opetusp10_5_,
        organisaat0_.oppilaitoskoodi as oppilai11_5_,
        organisaat0_.oppilaitos_tyyppi as oppilai12_5_,
        organisaat0_.organisaatio_poistettu as organis13_5_,
        organisaat0_.paivittaja as paivitt14_5_,
        organisaat0_.paivityspvm as paivity15_5_,
        organisaat0_.parentidpath as parenti16_5_,
        organisaat0_.parentoidpath as parento17_5_,
        organisaat0_.piilotettu as piilote18_5_,
        organisaat0_.tarkastus_pvm as tarkast19_5_,
        organisaat0_.toimipistekoodi as toimipi20_5_,
        organisaat0_.tuontipvm as tuontip21_5_,
        organisaat0_.varhaiskasvatuksen_toimipaikka_tiedot_id as varhais31_5_,
        organisaat0_.virastotunnus as virasto22_5_,
        organisaat0_.yhteishaunkoulukoodi as yhteish23_5_,
        organisaat0_.yritysmuoto as yritysm24_5_,
        organisaat0_.ytj_kieli as ytj_kie25_5_,
        organisaat0_.ytjpaivityspvm as ytjpaiv26_5_,
        organisaat0_.ytunnus as ytunnus27_5_ 
    from
        organisaatio organisaat0_ 
    where
        organisaat0_.oid=?
2020-06-10 18:12:09.496 TRACE 55751 --- [    Test worker] o.h.type.descriptor.sql.BasicBinder      : binding parameter [1] as [VARCHAR] - [does_not_exist]
Hibernate: 
    select
        organisaat0_.id as id1_5_,
        organisaat0_.version as version2_5_,
        organisaat0_.alkupvm as alkupvm3_5_,
        organisaat0_.domainnimi as domainni4_5_,
        organisaat0_.kotipaikka as kotipaik5_5_,
        organisaat0_.kuvaus_mkt as kuvaus_28_5_,
        organisaat0_.lakkautuspvm as lakkautu6_5_,
        organisaat0_.maa as maa7_5_,
        organisaat0_.metadata_id as metadat29_5_,
        organisaat0_.nimi_mkt as nimi_mk30_5_,
        organisaat0_.nimihaku as nimihaku8_5_,
        organisaat0_.oid as oid9_5_,
        organisaat0_.opetuspisteenjarjnro as opetusp10_5_,
        organisaat0_.oppilaitoskoodi as oppilai11_5_,
        organisaat0_.oppilaitos_tyyppi as oppilai12_5_,
        organisaat0_.organisaatio_poistettu as organis13_5_,
        organisaat0_.paivittaja as paivitt14_5_,
        organisaat0_.paivityspvm as paivity15_5_,
        organisaat0_.parentidpath as parenti16_5_,
        organisaat0_.parentoidpath as parento17_5_,
        organisaat0_.piilotettu as piilote18_5_,
        organisaat0_.tarkastus_pvm as tarkast19_5_,
        organisaat0_.toimipistekoodi as toimipi20_5_,
        organisaat0_.tuontipvm as tuontip21_5_,
        organisaat0_.varhaiskasvatuksen_toimipaikka_tiedot_id as varhais31_5_,
        organisaat0_.virastotunnus as virasto22_5_,
        organisaat0_.yhteishaunkoulukoodi as yhteish23_5_,
        organisaat0_.yritysmuoto as yritysm24_5_,
        organisaat0_.ytj_kieli as ytj_kie25_5_,
        organisaat0_.ytjpaivityspvm as ytjpaiv26_5_,
        organisaat0_.ytunnus as ytunnus27_5_ 
    from
        organisaatio organisaat0_ 
    where
        organisaat0_.ytunnus=? 
        and organisaat0_.organisaatio_poistettu=? limit ?
2020-06-10 18:12:09.497 TRACE 55751 --- [    Test worker] o.h.type.descriptor.sql.BasicBinder      : binding parameter [1] as [VARCHAR] - [does_not_exist]
2020-06-10 18:12:09.497 TRACE 55751 --- [    Test worker] o.h.type.descriptor.sql.BasicBinder      : binding parameter [2] as [BOOLEAN] - [false]
Hibernate: 
    select
        organisaat0_.id as id1_5_,
        organisaat0_.version as version2_5_,
        organisaat0_.alkupvm as alkupvm3_5_,
        organisaat0_.domainnimi as domainni4_5_,
        organisaat0_.kotipaikka as kotipaik5_5_,
        organisaat0_.kuvaus_mkt as kuvaus_28_5_,
        organisaat0_.lakkautuspvm as lakkautu6_5_,
        organisaat0_.maa as maa7_5_,
        organisaat0_.metadata_id as metadat29_5_,
        organisaat0_.nimi_mkt as nimi_mk30_5_,
        organisaat0_.nimihaku as nimihaku8_5_,
        organisaat0_.oid as oid9_5_,
        organisaat0_.opetuspisteenjarjnro as opetusp10_5_,
        organisaat0_.oppilaitoskoodi as oppilai11_5_,
        organisaat0_.oppilaitos_tyyppi as oppilai12_5_,
        organisaat0_.organisaatio_poistettu as organis13_5_,
        organisaat0_.paivittaja as paivitt14_5_,
        organisaat0_.paivityspvm as paivity15_5_,
        organisaat0_.parentidpath as parenti16_5_,
        organisaat0_.parentoidpath as parento17_5_,
        organisaat0_.piilotettu as piilote18_5_,
        organisaat0_.tarkastus_pvm as tarkast19_5_,
        organisaat0_.toimipistekoodi as toimipi20_5_,
        organisaat0_.tuontipvm as tuontip21_5_,
        organisaat0_.varhaiskasvatuksen_toimipaikka_tiedot_id as varhais31_5_,
        organisaat0_.virastotunnus as virasto22_5_,
        organisaat0_.yhteishaunkoulukoodi as yhteish23_5_,
        organisaat0_.yritysmuoto as yritysm24_5_,
        organisaat0_.ytj_kieli as ytj_kie25_5_,
        organisaat0_.ytjpaivityspvm as ytjpaiv26_5_,
        organisaat0_.ytunnus as ytunnus27_5_ 
    from
        organisaatio organisaat0_ 
    where
        organisaat0_.virastotunnus=? 
        and organisaat0_.organisaatio_poistettu=? limit ?
2020-06-10 18:12:09.497 TRACE 55751 --- [    Test worker] o.h.type.descriptor.sql.BasicBinder      : binding parameter [1] as [VARCHAR] - [does_not_exist]
2020-06-10 18:12:09.497 TRACE 55751 --- [    Test worker] o.h.type.descriptor.sql.BasicBinder      : binding parameter [2] as [BOOLEAN] - [false]
Hibernate: 
    select
        organisaat0_.id as id1_5_,
        organisaat0_.version as version2_5_,
        organisaat0_.alkupvm as alkupvm3_5_,
        organisaat0_.domainnimi as domainni4_5_,
        organisaat0_.kotipaikka as kotipaik5_5_,
        organisaat0_.kuvaus_mkt as kuvaus_28_5_,
        organisaat0_.lakkautuspvm as lakkautu6_5_,
        organisaat0_.maa as maa7_5_,
        organisaat0_.metadata_id as metadat29_5_,
        organisaat0_.nimi_mkt as nimi_mk30_5_,
        organisaat0_.nimihaku as nimihaku8_5_,
        organisaat0_.oid as oid9_5_,
        organisaat0_.opetuspisteenjarjnro as opetusp10_5_,
        organisaat0_.oppilaitoskoodi as oppilai11_5_,
        organisaat0_.oppilaitos_tyyppi as oppilai12_5_,
        organisaat0_.organisaatio_poistettu as organis13_5_,
        organisaat0_.paivittaja as paivitt14_5_,
        organisaat0_.paivityspvm as paivity15_5_,
        organisaat0_.parentidpath as parenti16_5_,
        organisaat0_.parentoidpath as parento17_5_,
        organisaat0_.piilotettu as piilote18_5_,
        organisaat0_.tarkastus_pvm as tarkast19_5_,
        organisaat0_.toimipistekoodi as toimipi20_5_,
        organisaat0_.tuontipvm as tuontip21_5_,
        organisaat0_.varhaiskasvatuksen_toimipaikka_tiedot_id as varhais31_5_,
        organisaat0_.virastotunnus as virasto22_5_,
        organisaat0_.yhteishaunkoulukoodi as yhteish23_5_,
        organisaat0_.yritysmuoto as yritysm24_5_,
        organisaat0_.ytj_kieli as ytj_kie25_5_,
        organisaat0_.ytjpaivityspvm as ytjpaiv26_5_,
        organisaat0_.ytunnus as ytunnus27_5_ 
    from
        organisaatio organisaat0_ 
    where
        organisaat0_.oppilaitoskoodi=? 
        and organisaat0_.organisaatio_poistettu=? limit ?
2020-06-10 18:12:09.498 TRACE 55751 --- [    Test worker] o.h.type.descriptor.sql.BasicBinder      : binding parameter [1] as [VARCHAR] - [does_not_exist]
2020-06-10 18:12:09.498 TRACE 55751 --- [    Test worker] o.h.type.descriptor.sql.BasicBinder      : binding parameter [2] as [BOOLEAN] - [false]
Hibernate: 
    select
        organisaat0_.id as id1_5_,
        organisaat0_.version as version2_5_,
        organisaat0_.alkupvm as alkupvm3_5_,
        organisaat0_.domainnimi as domainni4_5_,
        organisaat0_.kotipaikka as kotipaik5_5_,
        organisaat0_.kuvaus_mkt as kuvaus_28_5_,
        organisaat0_.lakkautuspvm as lakkautu6_5_,
        organisaat0_.maa as maa7_5_,
        organisaat0_.metadata_id as metadat29_5_,
        organisaat0_.nimi_mkt as nimi_mk30_5_,
        organisaat0_.nimihaku as nimihaku8_5_,
        organisaat0_.oid as oid9_5_,
        organisaat0_.opetuspisteenjarjnro as opetusp10_5_,
        organisaat0_.oppilaitoskoodi as oppilai11_5_,
        organisaat0_.oppilaitos_tyyppi as oppilai12_5_,
        organisaat0_.organisaatio_poistettu as organis13_5_,
        organisaat0_.paivittaja as paivitt14_5_,
        organisaat0_.paivityspvm as paivity15_5_,
        organisaat0_.parentidpath as parenti16_5_,
        organisaat0_.parentoidpath as parento17_5_,
        organisaat0_.piilotettu as piilote18_5_,
        organisaat0_.tarkastus_pvm as tarkast19_5_,
        organisaat0_.toimipistekoodi as toimipi20_5_,
        organisaat0_.tuontipvm as tuontip21_5_,
        organisaat0_.varhaiskasvatuksen_toimipaikka_tiedot_id as varhais31_5_,
        organisaat0_.virastotunnus as virasto22_5_,
        organisaat0_.yhteishaunkoulukoodi as yhteish23_5_,
        organisaat0_.yritysmuoto as yritysm24_5_,
        organisaat0_.ytj_kieli as ytj_kie25_5_,
        organisaat0_.ytjpaivityspvm as ytjpaiv26_5_,
        organisaat0_.ytunnus as ytunnus27_5_ 
    from
        organisaatio organisaat0_ 
    where
        organisaat0_.toimipistekoodi=? 
        and organisaat0_.organisaatio_poistettu=? limit ?
2020-06-10 18:12:09.499 TRACE 55751 --- [    Test worker] o.h.type.descriptor.sql.BasicBinder      : binding parameter [1] as [VARCHAR] - [does_not_exist]
2020-06-10 18:12:09.499 TRACE 55751 --- [    Test worker] o.h.type.descriptor.sql.BasicBinder      : binding parameter [2] as [BOOLEAN] - [false]
]]></system-out>
  <system-err><![CDATA[]]></system-err>
</testsuite>
